<?xml version="1.0" encoding="UTF-8"?>
<con:soapui-project name="Test__SunExpress__sxs-stage.crane" resourceRoot="" soapui-version="4.0.1" xmlns:con="http://eviware.com/soapui/config"><con:settings/><con:interface xsi:type="con:WsdlInterface" wsaVersion="NONE" name="CraneOTAServiceExtendedSOAP12Binding" type="wsdl" bindingName="{http://ota.paxws.otaxmlws/}CraneOTAServiceExtendedSOAP12Binding" soapVersion="1_2" anonymous="optional" definition="https://sxs-stage.crane.aero/axis2/services/CraneOTAServiceExtended?wsdl" xmlns:xsi="http://www.w3.org/2001/XMLSchema-instance"><con:settings/><con:definitionCache/><con:endpoints><con:endpoint>https://sxs-stage.crane.aero/axis2/services/CraneOTAServiceExtended?wsdl</con:endpoint></con:endpoints><con:operation isOneWay="false" action="/Availability" name="Availability" bindingOperationName="Availability" type="Request-Response" inputName="" receivesAttachments="false" sendsAttachments="false" anonymous="optional"><con:settings/><con:call name="Request 1"><con:settings><con:setting id="com.eviware.soapui.impl.wsdl.WsdlRequest@request-headers">&lt;xml-fragment/></con:setting><con:setting id="com.eviware.soapui.impl.support.AbstractHttpRequest@follow-redirects">true</con:setting></con:settings><con:encoding>UTF-8</con:encoding><con:endpoint>https://sxs-stage.crane.aero/axis2/services/CraneOTAServiceExtended?wsdl</con:endpoint><con:request><![CDATA[<soapenv:Envelope xmlns:soapenv="http://schemas.xmlsoap.org/soap/envelope/" xmlns:otab="http://otabase.otapax.otaxmlws/" xmlns:ota="http://ota.paxws.otaxmlws/" xmlns:typ="http://types.paxws.otaxmlws/">
   <soapenv:Header/>
   <soapenv:Body>
      <otab:OTA_AirAvailRQ DirectFlightsOnly="1" PrimaryLangID="1" SequenceNmbr="1234">
         <ota:POS>
            <typ:Source agentSine="0" isoCountry="TR" isoCurrency="TRY">
               <typ:RequestorID id="1" type="?" url="1"/>
               <typ:BookingChannel Primary="1" Type="1"/>
            </typ:Source>
         </ota:POS>
         <ota:OriginDestinationInformation>
            <typ:DepartureDateTime>2016-08-15</typ:DepartureDateTime>
            <typ:OriginLocation LocationCode="AYT"/>
            <typ:DestinationLocation LocationCode="ADB"/>
         </ota:OriginDestinationInformation>
         <ota:TravelPreferences MaxStopsQuantity="1">
            <typ:FlightTypePref FlightType="?" PreferLevel="1"/>
            <typ:EquipPref AirEquipType="?"/>
            <typ:CabinPref Cabin="Y" PreferLevel="T"/>
            <typ:TicketDistribPref DistribType="1" PreferLevel="1"/>
            <typ:BookingClassPref ResBookDesigCode="2"/>
         </ota:TravelPreferences>
         <ota:TravelerInfoSummary>
            <typ:AirTravelerAvail>
               <!--Zero or more repetitions:-->
               <typ:PassengerTypeQuantity Code="ADT" Quantity="1"/>
               <typ:temp>?</typ:temp>
            </typ:AirTravelerAvail>
         </ota:TravelerInfoSummary>
      </otab:OTA_AirAvailRQ>
   </soapenv:Body>
</soapenv:Envelope>]]></con:request><con:credentials><con:username>NUANSXML</con:username><con:password>RT1CQ8</con:password></con:credentials><con:jmsConfig JMSDeliveryMode="PERSISTENT"/><con:jmsPropertyConfig/><con:wsaConfig mustUnderstand="NONE" version="200508" action="/Availability"/><con:wsrmConfig version="1.2"/></con:call></con:operation><con:operation isOneWay="false" action="/Booking" name="Booking" bindingOperationName="Booking" type="Request-Response" inputName="" receivesAttachments="false" sendsAttachments="false" anonymous="optional"><con:settings/><con:call name="Request 1"><con:settings/><con:encoding>UTF-8</con:encoding><con:endpoint>https://sxs-stage.crane.aero/axis2/services/CraneOTAServiceExtended?wsdl</con:endpoint><con:request><![CDATA[<soap:Envelope xmlns:soap="http://www.w3.org/2003/05/soap-envelope" xmlns:otab="http://otabase.otapax.otaxmlws/" xmlns:ota="http://ota.paxws.otaxmlws/" xmlns:typ="http://types.paxws.otaxmlws/">
   <soap:Header/>
   <soap:Body>
      <otab:OTA_AirBookRQ SequenceNmbr="?" TimeStamp="?" ExtTransactionID="?">
         <ota:POS>
            <typ:Source agentSine="?" isoCountry="?" isoCurrency="?">
               <typ:RequestorID id="?" type="?" url="?"/>
               <typ:BookingChannel Primary="?" Type="?"/>
            </typ:Source>
         </ota:POS>
         <ota:AirItinerary DirectionInd="?">
            <typ:OriginDestinationOptions>
               <!--Zero or more repetitions:-->
               <typ:OriginDestinationOption>
                  <!--Zero or more repetitions:-->
                  <typ:FlightSegment ArrivalDateTime="?" DepartureDateTime="?" FlightNumber="?" JourneyDuration="?" OnTimeRate="?" ResBookDesigCode="?" ResBookDesigID="?" StopQuantity="?" Ticket="?" RPH="?" Status="?">
                     <typ:DepartureAirport LocationCode="?"/>
                     <typ:ArrivalAirport LocationCode="?"/>
                     <typ:Equipment AirEquipType="?" ChangeofGauge="?"/>
                     <typ:MarkettingAirline CompanyShortName="?"/>
                     <!--Zero or more repetitions:-->
                     <typ:MarketingCabin RPH="?" CabinType="?">
                        <typ:Meal>?</typ:Meal>
                     </typ:MarketingCabin>
                     <!--Zero or more repetitions:-->
                     <typ:BookingClassAvail RPH="?" CabinType="?" ResBookDesigCode="?" ResBookDesigQuantity="?"/>
                     <typ:comment>?</typ:comment>
                     <!--Optional:-->
                     <typ:MarriageGrp>?</typ:MarriageGrp>
                  </typ:FlightSegment>
                  <typ:dummy>?</typ:dummy>
               </typ:OriginDestinationOption>
               <typ:dummy>?</typ:dummy>
            </typ:OriginDestinationOptions>
         </ota:AirItinerary>
         <ota:TravelerInfo>
            <!--Zero or more repetitions:-->
            <typ:AirTraveler PassengerTypeCode="?" TicketNumber="?" FlightRefNumberRPHList="?" TravelerRefNumberRPHList="?">
               <typ:ProfileRef>
                  <typ:UniqueID ID="?" URL="?" Instance="?" Type="?"/>
               </typ:ProfileRef>
               <typ:PersonName>
                  <typ:NamePrefix>?</typ:NamePrefix>
                  <typ:GivenName>?</typ:GivenName>
                  <typ:Surname>?</typ:Surname>
                  <typ:NameTitle>?</typ:NameTitle>
               </typ:PersonName>
               <typ:Telephone AreaCityCode="?" PhoneNumber="?"/>
               <typ:Email>?</typ:Email>
               <typ:Document BirthDate="?" DocID="?" DocIssueAuthority="?" DocIssueLocation="?" DocType="?" EffectiveDate="?" ExpireDate="?" Gender="?">
                  <typ:DocHolderName>?</typ:DocHolderName>
               </typ:Document>
            </typ:AirTraveler>
            <!--Zero or more repetitions:-->
            <typ:SpecialReqDetails>
               <typ:SeatRequests>
                  <!--Zero or more repetitions:-->
                  <ota:item FlightRefNumberRPHList="?" SeatNumber="?" TravelerRefNumberRPHList="?"/>
               </typ:SeatRequests>
               <typ:SpecialServiceRequests>
                  <!--Zero or more repetitions:-->
                  <typ:SpecialServiceRequest SSRCode="?" FlightRefNumberRPHList="?" TravelerRefNumberRPHList="?">
                     <typ:Airline>?</typ:Airline>
                     <typ:text>?</typ:text>
                  </typ:SpecialServiceRequest>
                  <typ:dummy>?</typ:dummy>
               </typ:SpecialServiceRequests>
            </typ:SpecialReqDetails>
         </ota:TravelerInfo>
         <ota:Ticketing TicketType="?"/>
      </otab:OTA_AirBookRQ>
   </soap:Body>
</soap:Envelope>]]></con:request><con:wsaConfig mustUnderstand="NONE" version="200508" action="/Booking"/></con:call></con:operation><con:operation isOneWay="false" action="/BookingModify" name="BookingModify" bindingOperationName="BookingModify" type="Request-Response" inputName="" receivesAttachments="false" sendsAttachments="false" anonymous="optional"><con:settings/><con:call name="Request 1"><con:settings/><con:encoding>UTF-8</con:encoding><con:endpoint>https://sxs-stage.crane.aero/axis2/services/CraneOTAServiceExtended?wsdl</con:endpoint><con:request><![CDATA[<soap:Envelope xmlns:soap="http://www.w3.org/2003/05/soap-envelope" xmlns:otab="http://otabase.otapax.otaxmlws/" xmlns:ota="http://ota.paxws.otaxmlws/" xmlns:typ="http://types.paxws.otaxmlws/">
   <soap:Header/>
   <soap:Body>
      <otab:OTA_AirBookModifyRQ>
         <ota:POS>
            <typ:Source agentSine="?" isoCountry="?" isoCurrency="?">
               <typ:RequestorID id="?" type="?" url="?"/>
               <typ:BookingChannel Primary="?" Type="?"/>
            </typ:Source>
         </ota:POS>
         <ota:AirBookModifyRQ TotalFare="?" TotalTaxes="?" TotalAmount="?" Currency="?" ModificationType="?">
            <typ:AirItinerary DirectionInd="?">
               <typ:OriginDestinationOptions>
                  <!--Zero or more repetitions:-->
                  <typ:OriginDestinationOption>
                     <!--Zero or more repetitions:-->
                     <typ:FlightSegment ArrivalDateTime="?" DepartureDateTime="?" FlightNumber="?" JourneyDuration="?" OnTimeRate="?" ResBookDesigCode="?" ResBookDesigID="?" StopQuantity="?" Ticket="?" RPH="?" Status="?">
                        <typ:DepartureAirport LocationCode="?"/>
                        <typ:ArrivalAirport LocationCode="?"/>
                        <typ:Equipment AirEquipType="?" ChangeofGauge="?"/>
                        <typ:MarkettingAirline CompanyShortName="?"/>
                        <!--Zero or more repetitions:-->
                        <typ:MarketingCabin RPH="?" CabinType="?">
                           <typ:Meal>?</typ:Meal>
                        </typ:MarketingCabin>
                        <!--Zero or more repetitions:-->
                        <typ:BookingClassAvail RPH="?" CabinType="?" ResBookDesigCode="?" ResBookDesigQuantity="?"/>
                        <typ:comment>?</typ:comment>
                        <!--Optional:-->
                        <typ:MarriageGrp>?</typ:MarriageGrp>
                     </typ:FlightSegment>
                     <typ:dummy>?</typ:dummy>
                  </typ:OriginDestinationOption>
                  <typ:dummy>?</typ:dummy>
               </typ:OriginDestinationOptions>
            </typ:AirItinerary>
            <typ:TravelerInfo>
               <!--Zero or more repetitions:-->
               <typ:AirTraveler PassengerTypeCode="?" TicketNumber="?" FlightRefNumberRPHList="?" TravelerRefNumberRPHList="?">
                  <typ:ProfileRef>
                     <typ:UniqueID ID="?" URL="?" Instance="?" Type="?"/>
                  </typ:ProfileRef>
                  <typ:PersonName>
                     <typ:NamePrefix>?</typ:NamePrefix>
                     <typ:GivenName>?</typ:GivenName>
                     <typ:Surname>?</typ:Surname>
                     <typ:NameTitle>?</typ:NameTitle>
                  </typ:PersonName>
                  <typ:Telephone AreaCityCode="?" PhoneNumber="?"/>
                  <typ:Email>?</typ:Email>
                  <typ:Document BirthDate="?" DocID="?" DocIssueAuthority="?" DocIssueLocation="?" DocType="?" EffectiveDate="?" ExpireDate="?" Gender="?">
                     <typ:DocHolderName>?</typ:DocHolderName>
                  </typ:Document>
               </typ:AirTraveler>
               <!--Zero or more repetitions:-->
               <typ:SpecialReqDetails>
                  <typ:SeatRequests>
                     <!--Zero or more repetitions:-->
                     <ota:item FlightRefNumberRPHList="?" SeatNumber="?" TravelerRefNumberRPHList="?"/>
                  </typ:SeatRequests>
                  <typ:SpecialServiceRequests>
                     <!--Zero or more repetitions:-->
                     <typ:SpecialServiceRequest SSRCode="?" FlightRefNumberRPHList="?" TravelerRefNumberRPHList="?">
                        <typ:Airline>?</typ:Airline>
                        <typ:text>?</typ:text>
                     </typ:SpecialServiceRequest>
                     <typ:dummy>?</typ:dummy>
                  </typ:SpecialServiceRequests>
               </typ:SpecialReqDetails>
            </typ:TravelerInfo>
            <typ:BookingReferenceID ID="?" Type="?" TicketTimeLimit="?">
               <typ:CompanyName Code="?"/>
            </typ:BookingReferenceID>
         </ota:AirBookModifyRQ>
         <!--Optional:-->
         <ota:AirReservation TotalFare="?" TotalTaxes="?" TotalAmount="?" Currency="?">
            <typ:AirItinerary DirectionInd="?">
               <typ:OriginDestinationOptions>
                  <!--Zero or more repetitions:-->
                  <typ:OriginDestinationOption>
                     <!--Zero or more repetitions:-->
                     <typ:FlightSegment ArrivalDateTime="?" DepartureDateTime="?" FlightNumber="?" JourneyDuration="?" OnTimeRate="?" ResBookDesigCode="?" ResBookDesigID="?" StopQuantity="?" Ticket="?" RPH="?" Status="?">
                        <typ:DepartureAirport LocationCode="?"/>
                        <typ:ArrivalAirport LocationCode="?"/>
                        <typ:Equipment AirEquipType="?" ChangeofGauge="?"/>
                        <typ:MarkettingAirline CompanyShortName="?"/>
                        <!--Zero or more repetitions:-->
                        <typ:MarketingCabin RPH="?" CabinType="?">
                           <typ:Meal>?</typ:Meal>
                        </typ:MarketingCabin>
                        <!--Zero or more repetitions:-->
                        <typ:BookingClassAvail RPH="?" CabinType="?" ResBookDesigCode="?" ResBookDesigQuantity="?"/>
                        <typ:comment>?</typ:comment>
                        <!--Optional:-->
                        <typ:MarriageGrp>?</typ:MarriageGrp>
                     </typ:FlightSegment>
                     <typ:dummy>?</typ:dummy>
                  </typ:OriginDestinationOption>
                  <typ:dummy>?</typ:dummy>
               </typ:OriginDestinationOptions>
            </typ:AirItinerary>
            <typ:TravelerInfo>
               <!--Zero or more repetitions:-->
               <typ:AirTraveler PassengerTypeCode="?" TicketNumber="?" FlightRefNumberRPHList="?" TravelerRefNumberRPHList="?">
                  <typ:ProfileRef>
                     <typ:UniqueID ID="?" URL="?" Instance="?" Type="?"/>
                  </typ:ProfileRef>
                  <typ:PersonName>
                     <typ:NamePrefix>?</typ:NamePrefix>
                     <typ:GivenName>?</typ:GivenName>
                     <typ:Surname>?</typ:Surname>
                     <typ:NameTitle>?</typ:NameTitle>
                  </typ:PersonName>
                  <typ:Telephone AreaCityCode="?" PhoneNumber="?"/>
                  <typ:Email>?</typ:Email>
                  <typ:Document BirthDate="?" DocID="?" DocIssueAuthority="?" DocIssueLocation="?" DocType="?" EffectiveDate="?" ExpireDate="?" Gender="?">
                     <typ:DocHolderName>?</typ:DocHolderName>
                  </typ:Document>
               </typ:AirTraveler>
               <!--Zero or more repetitions:-->
               <typ:SpecialReqDetails>
                  <typ:SeatRequests>
                     <!--Zero or more repetitions:-->
                     <ota:item FlightRefNumberRPHList="?" SeatNumber="?" TravelerRefNumberRPHList="?"/>
                  </typ:SeatRequests>
                  <typ:SpecialServiceRequests>
                     <!--Zero or more repetitions:-->
                     <typ:SpecialServiceRequest SSRCode="?" FlightRefNumberRPHList="?" TravelerRefNumberRPHList="?">
                        <typ:Airline>?</typ:Airline>
                        <typ:text>?</typ:text>
                     </typ:SpecialServiceRequest>
                     <typ:dummy>?</typ:dummy>
                  </typ:SpecialServiceRequests>
               </typ:SpecialReqDetails>
            </typ:TravelerInfo>
            <typ:BookingReferenceID ID="?" Type="?" TicketTimeLimit="?">
               <typ:CompanyName Code="?"/>
            </typ:BookingReferenceID>
         </ota:AirReservation>
      </otab:OTA_AirBookModifyRQ>
   </soap:Body>
</soap:Envelope>]]></con:request><con:wsaConfig mustUnderstand="NONE" version="200508" action="/BookingModify"/></con:call></con:operation><con:operation isOneWay="false" action="/BookingModifyInquiry" name="BookingModifyInquiry" bindingOperationName="BookingModifyInquiry" type="Request-Response" inputName="" receivesAttachments="false" sendsAttachments="false" anonymous="optional"><con:settings/><con:call name="Request 1"><con:settings/><con:encoding>UTF-8</con:encoding><con:endpoint>https://sxs-stage.crane.aero/axis2/services/CraneOTAServiceExtended?wsdl</con:endpoint><con:request><![CDATA[<soap:Envelope xmlns:soap="http://www.w3.org/2003/05/soap-envelope" xmlns:otab="http://otabase.otapax.otaxmlws/" xmlns:ota="http://ota.paxws.otaxmlws/" xmlns:typ="http://types.paxws.otaxmlws/">
   <soap:Header/>
   <soap:Body>
      <otab:OTA_AirBookModifyRQ>
         <ota:POS>
            <typ:Source agentSine="?" isoCountry="?" isoCurrency="?">
               <typ:RequestorID id="?" type="?" url="?"/>
               <typ:BookingChannel Primary="?" Type="?"/>
            </typ:Source>
         </ota:POS>
         <ota:AirBookModifyRQ TotalFare="?" TotalTaxes="?" TotalAmount="?" Currency="?" ModificationType="?">
            <typ:AirItinerary DirectionInd="?">
               <typ:OriginDestinationOptions>
                  <!--Zero or more repetitions:-->
                  <typ:OriginDestinationOption>
                     <!--Zero or more repetitions:-->
                     <typ:FlightSegment ArrivalDateTime="?" DepartureDateTime="?" FlightNumber="?" JourneyDuration="?" OnTimeRate="?" ResBookDesigCode="?" ResBookDesigID="?" StopQuantity="?" Ticket="?" RPH="?" Status="?">
                        <typ:DepartureAirport LocationCode="?"/>
                        <typ:ArrivalAirport LocationCode="?"/>
                        <typ:Equipment AirEquipType="?" ChangeofGauge="?"/>
                        <typ:MarkettingAirline CompanyShortName="?"/>
                        <!--Zero or more repetitions:-->
                        <typ:MarketingCabin RPH="?" CabinType="?">
                           <typ:Meal>?</typ:Meal>
                        </typ:MarketingCabin>
                        <!--Zero or more repetitions:-->
                        <typ:BookingClassAvail RPH="?" CabinType="?" ResBookDesigCode="?" ResBookDesigQuantity="?"/>
                        <typ:comment>?</typ:comment>
                        <!--Optional:-->
                        <typ:MarriageGrp>?</typ:MarriageGrp>
                     </typ:FlightSegment>
                     <typ:dummy>?</typ:dummy>
                  </typ:OriginDestinationOption>
                  <typ:dummy>?</typ:dummy>
               </typ:OriginDestinationOptions>
            </typ:AirItinerary>
            <typ:TravelerInfo>
               <!--Zero or more repetitions:-->
               <typ:AirTraveler PassengerTypeCode="?" TicketNumber="?" FlightRefNumberRPHList="?" TravelerRefNumberRPHList="?">
                  <typ:ProfileRef>
                     <typ:UniqueID ID="?" URL="?" Instance="?" Type="?"/>
                  </typ:ProfileRef>
                  <typ:PersonName>
                     <typ:NamePrefix>?</typ:NamePrefix>
                     <typ:GivenName>?</typ:GivenName>
                     <typ:Surname>?</typ:Surname>
                     <typ:NameTitle>?</typ:NameTitle>
                  </typ:PersonName>
                  <typ:Telephone AreaCityCode="?" PhoneNumber="?"/>
                  <typ:Email>?</typ:Email>
                  <typ:Document BirthDate="?" DocID="?" DocIssueAuthority="?" DocIssueLocation="?" DocType="?" EffectiveDate="?" ExpireDate="?" Gender="?">
                     <typ:DocHolderName>?</typ:DocHolderName>
                  </typ:Document>
               </typ:AirTraveler>
               <!--Zero or more repetitions:-->
               <typ:SpecialReqDetails>
                  <typ:SeatRequests>
                     <!--Zero or more repetitions:-->
                     <ota:item FlightRefNumberRPHList="?" SeatNumber="?" TravelerRefNumberRPHList="?"/>
                  </typ:SeatRequests>
                  <typ:SpecialServiceRequests>
                     <!--Zero or more repetitions:-->
                     <typ:SpecialServiceRequest SSRCode="?" FlightRefNumberRPHList="?" TravelerRefNumberRPHList="?">
                        <typ:Airline>?</typ:Airline>
                        <typ:text>?</typ:text>
                     </typ:SpecialServiceRequest>
                     <typ:dummy>?</typ:dummy>
                  </typ:SpecialServiceRequests>
               </typ:SpecialReqDetails>
            </typ:TravelerInfo>
            <typ:BookingReferenceID ID="?" Type="?" TicketTimeLimit="?">
               <typ:CompanyName Code="?"/>
            </typ:BookingReferenceID>
         </ota:AirBookModifyRQ>
         <!--Optional:-->
         <ota:AirReservation TotalFare="?" TotalTaxes="?" TotalAmount="?" Currency="?">
            <typ:AirItinerary DirectionInd="?">
               <typ:OriginDestinationOptions>
                  <!--Zero or more repetitions:-->
                  <typ:OriginDestinationOption>
                     <!--Zero or more repetitions:-->
                     <typ:FlightSegment ArrivalDateTime="?" DepartureDateTime="?" FlightNumber="?" JourneyDuration="?" OnTimeRate="?" ResBookDesigCode="?" ResBookDesigID="?" StopQuantity="?" Ticket="?" RPH="?" Status="?">
                        <typ:DepartureAirport LocationCode="?"/>
                        <typ:ArrivalAirport LocationCode="?"/>
                        <typ:Equipment AirEquipType="?" ChangeofGauge="?"/>
                        <typ:MarkettingAirline CompanyShortName="?"/>
                        <!--Zero or more repetitions:-->
                        <typ:MarketingCabin RPH="?" CabinType="?">
                           <typ:Meal>?</typ:Meal>
                        </typ:MarketingCabin>
                        <!--Zero or more repetitions:-->
                        <typ:BookingClassAvail RPH="?" CabinType="?" ResBookDesigCode="?" ResBookDesigQuantity="?"/>
                        <typ:comment>?</typ:comment>
                        <!--Optional:-->
                        <typ:MarriageGrp>?</typ:MarriageGrp>
                     </typ:FlightSegment>
                     <typ:dummy>?</typ:dummy>
                  </typ:OriginDestinationOption>
                  <typ:dummy>?</typ:dummy>
               </typ:OriginDestinationOptions>
            </typ:AirItinerary>
            <typ:TravelerInfo>
               <!--Zero or more repetitions:-->
               <typ:AirTraveler PassengerTypeCode="?" TicketNumber="?" FlightRefNumberRPHList="?" TravelerRefNumberRPHList="?">
                  <typ:ProfileRef>
                     <typ:UniqueID ID="?" URL="?" Instance="?" Type="?"/>
                  </typ:ProfileRef>
                  <typ:PersonName>
                     <typ:NamePrefix>?</typ:NamePrefix>
                     <typ:GivenName>?</typ:GivenName>
                     <typ:Surname>?</typ:Surname>
                     <typ:NameTitle>?</typ:NameTitle>
                  </typ:PersonName>
                  <typ:Telephone AreaCityCode="?" PhoneNumber="?"/>
                  <typ:Email>?</typ:Email>
                  <typ:Document BirthDate="?" DocID="?" DocIssueAuthority="?" DocIssueLocation="?" DocType="?" EffectiveDate="?" ExpireDate="?" Gender="?">
                     <typ:DocHolderName>?</typ:DocHolderName>
                  </typ:Document>
               </typ:AirTraveler>
               <!--Zero or more repetitions:-->
               <typ:SpecialReqDetails>
                  <typ:SeatRequests>
                     <!--Zero or more repetitions:-->
                     <ota:item FlightRefNumberRPHList="?" SeatNumber="?" TravelerRefNumberRPHList="?"/>
                  </typ:SeatRequests>
                  <typ:SpecialServiceRequests>
                     <!--Zero or more repetitions:-->
                     <typ:SpecialServiceRequest SSRCode="?" FlightRefNumberRPHList="?" TravelerRefNumberRPHList="?">
                        <typ:Airline>?</typ:Airline>
                        <typ:text>?</typ:text>
                     </typ:SpecialServiceRequest>
                     <typ:dummy>?</typ:dummy>
                  </typ:SpecialServiceRequests>
               </typ:SpecialReqDetails>
            </typ:TravelerInfo>
            <typ:BookingReferenceID ID="?" Type="?" TicketTimeLimit="?">
               <typ:CompanyName Code="?"/>
            </typ:BookingReferenceID>
         </ota:AirReservation>
      </otab:OTA_AirBookModifyRQ>
   </soap:Body>
</soap:Envelope>]]></con:request><con:wsaConfig mustUnderstand="NONE" version="200508" action="/BookingModifyInquiry"/></con:call></con:operation><con:operation isOneWay="false" action="/CalculateServiceCharge" name="CalculateServiceCharge" bindingOperationName="CalculateServiceCharge" type="Request-Response" inputName="" receivesAttachments="false" sendsAttachments="false" anonymous="optional"><con:settings/><con:call name="Request 1"><con:settings/><con:encoding>UTF-8</con:encoding><con:endpoint>https://sxs-stage.crane.aero/axis2/services/CraneOTAServiceExtended?wsdl</con:endpoint><con:request><![CDATA[<soap:Envelope xmlns:soap="http://www.w3.org/2003/05/soap-envelope" xmlns:otab="http://otabase.otapax.otaxmlws/" xmlns:ota="http://ota.paxws.otaxmlws/" xmlns:typ="http://types.paxws.otaxmlws/">
   <soap:Header/>
   <soap:Body>
      <otab:OTA_ServiceChargeRQ>
         <ota:POS>
            <typ:Source agentSine="?" isoCountry="?" isoCurrency="?">
               <typ:RequestorID id="?" type="?" url="?"/>
               <typ:BookingChannel Primary="?" Type="?"/>
            </typ:Source>
         </ota:POS>
         <ota:AirItinerary DirectionInd="?">
            <typ:OriginDestinationOptions>
               <!--Zero or more repetitions:-->
               <typ:OriginDestinationOption>
                  <!--Zero or more repetitions:-->
                  <typ:FlightSegment ArrivalDateTime="?" DepartureDateTime="?" FlightNumber="?" JourneyDuration="?" OnTimeRate="?" ResBookDesigCode="?" ResBookDesigID="?" StopQuantity="?" Ticket="?" RPH="?" Status="?">
                     <typ:DepartureAirport LocationCode="?"/>
                     <typ:ArrivalAirport LocationCode="?"/>
                     <typ:Equipment AirEquipType="?" ChangeofGauge="?"/>
                     <typ:MarkettingAirline CompanyShortName="?"/>
                     <!--Zero or more repetitions:-->
                     <typ:MarketingCabin RPH="?" CabinType="?">
                        <typ:Meal>?</typ:Meal>
                     </typ:MarketingCabin>
                     <!--Zero or more repetitions:-->
                     <typ:BookingClassAvail RPH="?" CabinType="?" ResBookDesigCode="?" ResBookDesigQuantity="?"/>
                     <typ:comment>?</typ:comment>
                     <!--Optional:-->
                     <typ:MarriageGrp>?</typ:MarriageGrp>
                  </typ:FlightSegment>
                  <typ:dummy>?</typ:dummy>
               </typ:OriginDestinationOption>
               <typ:dummy>?</typ:dummy>
            </typ:OriginDestinationOptions>
         </ota:AirItinerary>
         <ota:AdultCount>?</ota:AdultCount>
         <ota:ChildCount>?</ota:ChildCount>
         <ota:InfantCount>?</ota:InfantCount>
      </otab:OTA_ServiceChargeRQ>
   </soap:Body>
</soap:Envelope>]]></con:request><con:wsaConfig mustUnderstand="NONE" version="200508" action="/CalculateServiceCharge"/></con:call></con:operation><con:operation isOneWay="false" action="/CancelReservation" name="CancelReservation" bindingOperationName="CancelReservation" type="Request-Response" inputName="" receivesAttachments="false" sendsAttachments="false" anonymous="optional"><con:settings/><con:call name="Request 1"><con:settings/><con:encoding>UTF-8</con:encoding><con:endpoint>https://sxs-stage.crane.aero/axis2/services/CraneOTAServiceExtended?wsdl</con:endpoint><con:request><![CDATA[<soap:Envelope xmlns:soap="http://www.w3.org/2003/05/soap-envelope" xmlns:otab="http://otabase.otapax.otaxmlws/" xmlns:ota="http://ota.paxws.otaxmlws/" xmlns:typ="http://types.paxws.otaxmlws/">
   <soap:Header/>
   <soap:Body>
      <otab:OTA_CancelRQ SequenceNmbr="?" TimeStamp="?" CancelType="?">
         <ota:POS>
            <typ:Source agentSine="?" isoCountry="?" isoCurrency="?">
               <typ:RequestorID id="?" type="?" url="?"/>
               <typ:BookingChannel Primary="?" Type="?"/>
            </typ:Source>
         </ota:POS>
         <!--1 or more repetitions:-->
         <ota:UniqueID ID="?">
            <typ:CompanyName Code="?"/>
         </ota:UniqueID>
      </otab:OTA_CancelRQ>
   </soap:Body>
</soap:Envelope>]]></con:request><con:wsaConfig mustUnderstand="NONE" version="200508" action="/CancelReservation"/></con:call></con:operation><con:operation isOneWay="false" action="/CateringAvailability" name="CateringAvailability" bindingOperationName="CateringAvailability" type="Request-Response" inputName="" receivesAttachments="false" sendsAttachments="false" anonymous="optional"><con:settings/><con:call name="Request 1"><con:settings/><con:encoding>UTF-8</con:encoding><con:endpoint>https://sxs-stage.crane.aero/axis2/services/CraneOTAServiceExtended?wsdl</con:endpoint><con:request><![CDATA[<soap:Envelope xmlns:soap="http://www.w3.org/2003/05/soap-envelope" xmlns:otab="http://otabase.otapax.otaxmlws/" xmlns:ota="http://ota.paxws.otaxmlws/" xmlns:typ="http://types.paxws.otaxmlws/">
   <soap:Header/>
   <soap:Body>
      <otab:OTA_CateringAvailRQ>
         <ota:POS>
            <typ:Source agentSine="?" isoCountry="?" isoCurrency="?">
               <typ:RequestorID id="?" type="?" url="?"/>
               <typ:BookingChannel Primary="?" Type="?"/>
            </typ:Source>
         </ota:POS>
         <ota:FlightSegment ArrivalDateTime="?" DepartureDateTime="?" FlightNumber="?" JourneyDuration="?" OnTimeRate="?" ResBookDesigCode="?" ResBookDesigID="?" StopQuantity="?" Ticket="?" RPH="?" Status="?">
            <typ:DepartureAirport LocationCode="?"/>
            <typ:ArrivalAirport LocationCode="?"/>
            <typ:Equipment AirEquipType="?" ChangeofGauge="?"/>
            <typ:MarkettingAirline CompanyShortName="?"/>
            <!--Zero or more repetitions:-->
            <typ:MarketingCabin RPH="?" CabinType="?">
               <typ:Meal>?</typ:Meal>
            </typ:MarketingCabin>
            <!--Zero or more repetitions:-->
            <typ:BookingClassAvail RPH="?" CabinType="?" ResBookDesigCode="?" ResBookDesigQuantity="?"/>
            <typ:comment>?</typ:comment>
            <!--Optional:-->
            <typ:MarriageGrp>?</typ:MarriageGrp>
         </ota:FlightSegment>
      </otab:OTA_CateringAvailRQ>
   </soap:Body>
</soap:Envelope>]]></con:request><con:wsaConfig mustUnderstand="NONE" version="200508" action="/CateringAvailability"/></con:call></con:operation><con:operation isOneWay="false" action="/FareDisplay" name="FareDisplay" bindingOperationName="FareDisplay" type="Request-Response" inputName="" receivesAttachments="false" sendsAttachments="false" anonymous="optional"><con:settings/><con:call name="Request 1"><con:settings/><con:encoding>UTF-8</con:encoding><con:endpoint>https://sxs-stage.crane.aero/axis2/services/CraneOTAServiceExtended?wsdl</con:endpoint><con:request><![CDATA[<soap:Envelope xmlns:soap="http://www.w3.org/2003/05/soap-envelope" xmlns:otab="http://otabase.otapax.otaxmlws/" xmlns:ota="http://ota.paxws.otaxmlws/" xmlns:typ="http://types.paxws.otaxmlws/">
   <soap:Header/>
   <soap:Body>
      <otab:OTA_AirFareDisplayRQ PrimaryLangID="?" SequenceNmbr="?" TimeStamp="?">
         <ota:POS>
            <typ:Source agentSine="?" isoCountry="?" isoCurrency="?">
               <typ:RequestorID id="?" type="?" url="?"/>
               <typ:BookingChannel Primary="?" Type="?"/>
            </typ:Source>
         </ota:POS>
         <ota:OriginDestinationInformation>
            <typ:DepartureDateTime>?</typ:DepartureDateTime>
            <typ:OriginLocation LocationCode="?"/>
            <typ:DestinationLocation LocationCode="?"/>
         </ota:OriginDestinationInformation>
         <ota:SpecificFlightInfo>
            <typ:FlightNumber>?</typ:FlightNumber>
            <typ:BookingClassPref ResBookDesigCode="?"/>
         </ota:SpecificFlightInfo>
      </otab:OTA_AirFareDisplayRQ>
   </soap:Body>
</soap:Envelope>]]></con:request><con:wsaConfig mustUnderstand="NONE" version="200508" action="/FareDisplay"/></con:call></con:operation><con:operation isOneWay="false" action="/FlightSearch" name="FlightSearch" bindingOperationName="FlightSearch" type="Request-Response" inputName="" receivesAttachments="false" sendsAttachments="false" anonymous="optional"><con:settings/><con:call name="Request 1"><con:settings/><con:encoding>UTF-8</con:encoding><con:endpoint>https://sxs-stage.crane.aero/axis2/services/CraneOTAServiceExtended?wsdl</con:endpoint><con:request><![CDATA[<soap:Envelope xmlns:soap="http://www.w3.org/2003/05/soap-envelope" xmlns:otab="http://otabase.otapax.otaxmlws/" xmlns:ota="http://ota.paxws.otaxmlws/" xmlns:typ="http://types.paxws.otaxmlws/">
   <soap:Header/>
   <soap:Body>
      <otab:OTA_AirFlightSearchRQ DirectFlightsOnly="?" PrimaryLangID="?" SequenceNmbr="?">
         <ota:POS>
            <typ:Source agentSine="?" isoCountry="?" isoCurrency="?">
               <typ:RequestorID id="?" type="?" url="?"/>
               <typ:BookingChannel Primary="?" Type="?"/>
            </typ:Source>
         </ota:POS>
         <ota:OriginDestinationInformation>
            <typ:DepartureDateTime>?</typ:DepartureDateTime>
            <typ:OriginLocation LocationCode="?"/>
            <typ:DestinationLocation LocationCode="?"/>
         </ota:OriginDestinationInformation>
         <ota:TravelPreferences MaxStopsQuantity="?">
            <typ:FlightTypePref FlightType="?" PreferLevel="?"/>
            <typ:EquipPref AirEquipType="?"/>
            <typ:CabinPref Cabin="?" PreferLevel="?"/>
            <typ:TicketDistribPref DistribType="?" PreferLevel="?"/>
            <typ:BookingClassPref ResBookDesigCode="?"/>
         </ota:TravelPreferences>
         <ota:TravelerInfoSummary>
            <typ:AirTravelerAvail>
               <!--Zero or more repetitions:-->
               <typ:PassengerTypeQuantity Code="?" Quantity="?"/>
               <typ:temp>?</typ:temp>
            </typ:AirTravelerAvail>
         </ota:TravelerInfoSummary>
      </otab:OTA_AirFlightSearchRQ>
   </soap:Body>
</soap:Envelope>]]></con:request><con:wsaConfig mustUnderstand="NONE" version="200508" action="/FlightSearch"/></con:call></con:operation><con:operation isOneWay="false" action="/Ping" name="Ping" bindingOperationName="Ping" type="Request-Response" inputName="" receivesAttachments="false" sendsAttachments="false" anonymous="optional"><con:settings/><con:call name="Request 1"><con:settings/><con:encoding>UTF-8</con:encoding><con:endpoint>https://sxs-stage.crane.aero/axis2/services/CraneOTAServiceExtended?wsdl</con:endpoint><con:request><![CDATA[<soap:Envelope xmlns:soap="http://www.w3.org/2003/05/soap-envelope" xmlns:otab="http://otabase.otapax.otaxmlws/" xmlns:ota="http://ota.paxws.otaxmlws/">
   <soap:Header/>
   <soap:Body>
      <otab:OTA_PingRQ SequenceNmbr="?" TimeStamp="?">
         <ota:EchoData>?</ota:EchoData>
      </otab:OTA_PingRQ>
   </soap:Body>
</soap:Envelope>]]></con:request><con:wsaConfig mustUnderstand="NONE" version="200508" action="/Ping"/></con:call></con:operation><con:operation isOneWay="false" action="/ReadReservation" name="ReadReservation" bindingOperationName="ReadReservation" type="Request-Response" inputName="" receivesAttachments="false" sendsAttachments="false" anonymous="optional"><con:settings/><con:call name="Request 1"><con:settings/><con:encoding>UTF-8</con:encoding><con:endpoint>https://sxs-stage.crane.aero/axis2/services/CraneOTAServiceExtended?wsdl</con:endpoint><con:request><![CDATA[<soap:Envelope xmlns:soap="http://www.w3.org/2003/05/soap-envelope" xmlns:otab="http://otabase.otapax.otaxmlws/" xmlns:ota="http://ota.paxws.otaxmlws/" xmlns:typ="http://types.paxws.otaxmlws/">
   <soap:Header/>
   <soap:Body>
      <otab:OTA_ReadRQ SequenceNmbr="?" TimeStamp="?">
         <ota:POS>
            <typ:Source agentSine="?" isoCountry="?" isoCurrency="?">
               <typ:RequestorID id="?" type="?" url="?"/>
               <typ:BookingChannel Primary="?" Type="?"/>
            </typ:Source>
         </ota:POS>
         <ota:ReadRequests>
            <!--Zero or more repetitions:-->
            <typ:ReadRequest>
               <!--Zero or more repetitions:-->
               <typ:UniqueID ID="?">
                  <typ:CompanyName Code="?"/>
               </typ:UniqueID>
               <typ:dummy>?</typ:dummy>
            </typ:ReadRequest>
            <typ:dummy>?</typ:dummy>
         </ota:ReadRequests>
      </otab:OTA_ReadRQ>
   </soap:Body>
</soap:Envelope>]]></con:request><con:wsaConfig mustUnderstand="NONE" version="200508" action="/ReadReservation"/></con:call></con:operation><con:operation isOneWay="false" action="/RetrieveSeatMap" name="RetrieveSeatMap" bindingOperationName="RetrieveSeatMap" type="Request-Response" inputName="" receivesAttachments="false" sendsAttachments="false" anonymous="optional"><con:settings/><con:call name="Request 1"><con:settings/><con:encoding>UTF-8</con:encoding><con:endpoint>https://sxs-stage.crane.aero/axis2/services/CraneOTAServiceExtended?wsdl</con:endpoint><con:request><![CDATA[<soap:Envelope xmlns:soap="http://www.w3.org/2003/05/soap-envelope" xmlns:otab="http://otabase.otapax.otaxmlws/" xmlns:ota="http://ota.paxws.otaxmlws/" xmlns:typ="http://types.paxws.otaxmlws/">
   <soap:Header/>
   <soap:Body>
      <otab:OTA_Retrieve_SeatMapRQ>
         <ota:POS>
            <typ:Source agentSine="?" isoCountry="?" isoCurrency="?">
               <typ:RequestorID id="?" type="?" url="?"/>
               <typ:BookingChannel Primary="?" Type="?"/>
            </typ:Source>
         </ota:POS>
         <ota:BookingReferenceID ID="?">
            <typ:CompanyName Code="?"/>
         </ota:BookingReferenceID>
         <ota:FlightSegment ArrivalDateTime="?" DepartureDateTime="?" FlightNumber="?" JourneyDuration="?" OnTimeRate="?" ResBookDesigCode="?" ResBookDesigID="?" StopQuantity="?" Ticket="?" RPH="?" Status="?">
            <typ:DepartureAirport LocationCode="?"/>
            <typ:ArrivalAirport LocationCode="?"/>
            <typ:Equipment AirEquipType="?" ChangeofGauge="?"/>
            <typ:MarkettingAirline CompanyShortName="?"/>
            <!--Zero or more repetitions:-->
            <typ:MarketingCabin RPH="?" CabinType="?">
               <typ:Meal>?</typ:Meal>
            </typ:MarketingCabin>
            <!--Zero or more repetitions:-->
            <typ:BookingClassAvail RPH="?" CabinType="?" ResBookDesigCode="?" ResBookDesigQuantity="?"/>
            <typ:comment>?</typ:comment>
            <!--Optional:-->
            <typ:MarriageGrp>?</typ:MarriageGrp>
         </ota:FlightSegment>
      </otab:OTA_Retrieve_SeatMapRQ>
   </soap:Body>
</soap:Envelope>]]></con:request><con:wsaConfig mustUnderstand="NONE" version="200508" action="/RetrieveSeatMap"/></con:call></con:operation><con:operation isOneWay="false" action="/TicketReservation" name="TicketReservation" bindingOperationName="TicketReservation" type="Request-Response" inputName="" receivesAttachments="false" sendsAttachments="false" anonymous="optional"><con:settings/><con:call name="Request 1"><con:settings/><con:encoding>UTF-8</con:encoding><con:endpoint>https://sxs-stage.crane.aero/axis2/services/CraneOTAServiceExtended?wsdl</con:endpoint><con:request><![CDATA[<soap:Envelope xmlns:soap="http://www.w3.org/2003/05/soap-envelope" xmlns:otab="http://otabase.otapax.otaxmlws/" xmlns:ota="http://ota.paxws.otaxmlws/" xmlns:typ="http://types.paxws.otaxmlws/">
   <soap:Header/>
   <soap:Body>
      <otab:OTA_TicketReservationRQ SequenceNmbr="?" TimeStamp="?">
         <ota:POS>
            <typ:Source agentSine="?" isoCountry="?" isoCurrency="?">
               <typ:RequestorID id="?" type="?" url="?"/>
               <typ:BookingChannel Primary="?" Type="?"/>
            </typ:Source>
         </ota:POS>
         <ota:BookingReferenceID ID="?">
            <typ:CompanyName Code="?"/>
         </ota:BookingReferenceID>
         <ota:SpecialServiceRequests>
            <!--Zero or more repetitions:-->
            <typ:SpecialServiceRequest SSRCode="?" FlightRefNumberRPHList="?" TravelerRefNumberRPHList="?">
               <typ:Airline>?</typ:Airline>
               <typ:text>?</typ:text>
            </typ:SpecialServiceRequest>
            <typ:dummy>?</typ:dummy>
         </ota:SpecialServiceRequests>
      </otab:OTA_TicketReservationRQ>
   </soap:Body>
</soap:Envelope>]]></con:request><con:wsaConfig mustUnderstand="NONE" version="200508" action="/TicketReservation"/></con:call></con:operation><con:operation isOneWay="false" action="/WBagAvailability" name="WBagAvailability" bindingOperationName="WBagAvailability" type="Request-Response" inputName="" receivesAttachments="false" sendsAttachments="false" anonymous="optional"><con:settings/><con:call name="Request 1"><con:settings/><con:encoding>UTF-8</con:encoding><con:endpoint>https://sxs-stage.crane.aero/axis2/services/CraneOTAServiceExtended?wsdl</con:endpoint><con:request><![CDATA[<soap:Envelope xmlns:soap="http://www.w3.org/2003/05/soap-envelope" xmlns:otab="http://otabase.otapax.otaxmlws/" xmlns:ota="http://ota.paxws.otaxmlws/" xmlns:typ="http://types.paxws.otaxmlws/">
   <soap:Header/>
   <soap:Body>
      <otab:OTA_WBagAvailRQ>
         <ota:POS>
            <typ:Source agentSine="?" isoCountry="?" isoCurrency="?">
               <typ:RequestorID id="?" type="?" url="?"/>
               <typ:BookingChannel Primary="?" Type="?"/>
            </typ:Source>
         </ota:POS>
         <ota:BookingReferenceID ID="?">
            <typ:CompanyName Code="?"/>
         </ota:BookingReferenceID>
         <ota:FlightSegment ArrivalDateTime="?" DepartureDateTime="?" FlightNumber="?" JourneyDuration="?" OnTimeRate="?" ResBookDesigCode="?" ResBookDesigID="?" StopQuantity="?" Ticket="?" RPH="?" Status="?">
            <typ:DepartureAirport LocationCode="?"/>
            <typ:ArrivalAirport LocationCode="?"/>
            <typ:Equipment AirEquipType="?" ChangeofGauge="?"/>
            <typ:MarkettingAirline CompanyShortName="?"/>
            <!--Zero or more repetitions:-->
            <typ:MarketingCabin RPH="?" CabinType="?">
               <typ:Meal>?</typ:Meal>
            </typ:MarketingCabin>
            <!--Zero or more repetitions:-->
            <typ:BookingClassAvail RPH="?" CabinType="?" ResBookDesigCode="?" ResBookDesigQuantity="?"/>
            <typ:comment>?</typ:comment>
            <!--Optional:-->
            <typ:MarriageGrp>?</typ:MarriageGrp>
         </ota:FlightSegment>
      </otab:OTA_WBagAvailRQ>
   </soap:Body>
</soap:Envelope>]]></con:request><con:wsaConfig mustUnderstand="NONE" version="200508" action="/WBagAvailability"/></con:call></con:operation></con:interface><con:interface xsi:type="con:WsdlInterface" wsaVersion="NONE" name="CraneOTAServiceExtendedSOAP11Binding" type="wsdl" bindingName="{http://ota.paxws.otaxmlws/}CraneOTAServiceExtendedSOAP11Binding" soapVersion="1_1" anonymous="optional" definition="https://sxs-stage.crane.aero/axis2/services/CraneOTAServiceExtended?wsdl" xmlns:xsi="http://www.w3.org/2001/XMLSchema-instance"><con:settings/><con:definitionCache type="TEXT" rootPart="https://sxs-stage.crane.aero/axis2/services/CraneOTAServiceExtended?wsdl"><con:part><con:url>https://sxs-stage.crane.aero/axis2/services/CraneOTAServiceExtended?wsdl</con:url><con:content><![CDATA[<wsdl:definitions targetNamespace="http://ota.paxws.otaxmlws/" xmlns:tns1="http://types.paxws.otaxmlws/" xmlns:tns2="http://otabase.otapax.otaxmlws/" xmlns:impl="http://ota.paxws.otaxmlws/" xmlns:wsdl="http://schemas.xmlsoap.org/wsdl/" xmlns:apachesoap="http://xml.apache.org/xml-soap" xmlns:wsaw="http://www.w3.org/2006/05/addressing/wsdl" xmlns:http="http://schemas.xmlsoap.org/wsdl/http/" xmlns:xsd="http://www.w3.org/2001/XMLSchema" xmlns:wsdlsoap="http://schemas.xmlsoap.org/wsdl/soap/" xmlns:soap="http://schemas.xmlsoap.org/wsdl/soap/" xmlns:mime="http://schemas.xmlsoap.org/wsdl/mime/" xmlns:intf="http://ota.paxws.otaxmlws/" xmlns:soap12="http://schemas.xmlsoap.org/wsdl/soap12/">
  <wsdl:documentation>CraneOTAServiceExtended</wsdl:documentation>
  <wsdl:types>
    <schema attributeFormDefault="unqualified" elementFormDefault="qualified" targetNamespace="http://types.paxws.otaxmlws/" xmlns="http://www.w3.org/2001/XMLSchema" xmlns:ns1="http://schemas.xmlsoap.org/soap/encoding/">
      <import namespace="http://ota.paxws.otaxmlws/"/>
      <complexType name="RequestorIDType">
        <sequence/>
        <attribute name="id" type="xsd:string" use="optional"/>
        <attribute name="type" type="xsd:string" use="optional"/>
        <attribute name="url" type="xsd:string" use="optional"/>
      </complexType>
      <complexType name="BookingChannelType">
        <sequence/>
        <attribute name="Primary" type="xsd:int" use="optional"/>
        <attribute name="Type" type="xsd:int" use="optional"/>
      </complexType>
      <complexType name="SourceType">
        <sequence>
          <element name="RequestorID" nillable="true" type="tns1:RequestorIDType"/>
          <element name="BookingChannel" nillable="true" type="tns1:BookingChannelType"/>
        </sequence>
        <attribute name="agentSine" type="xsd:string" use="optional"/>
        <attribute name="isoCountry" type="xsd:string" use="optional"/>
        <attribute name="isoCurrency" type="xsd:string" use="optional"/>
      </complexType>
      <complexType name="POSType">
        <sequence>
          <element name="Source" nillable="true" type="tns1:SourceType"/>
        </sequence>
      </complexType>
      <complexType name="LocationType">
        <sequence/>
        <attribute name="LocationCode" type="xsd:string" use="optional"/>
      </complexType>
      <complexType name="OriginDestinationInformationType">
        <sequence>
          <element name="DepartureDateTime" nillable="true" type="xsd:string"/>
          <element name="OriginLocation" nillable="true" type="tns1:LocationType"/>
          <element name="DestinationLocation" nillable="true" type="tns1:LocationType"/>
        </sequence>
      </complexType>
      <complexType name="FlightTypePrefType">
        <sequence/>
        <attribute name="FlightType" type="xsd:string" use="optional"/>
        <attribute name="PreferLevel" type="xsd:string" use="optional"/>
      </complexType>
      <complexType name="EquipPrefType">
        <sequence/>
        <attribute name="AirEquipType" type="xsd:string" use="optional"/>
      </complexType>
      <complexType name="CabinPrefType">
        <sequence/>
        <attribute name="Cabin" type="xsd:string" use="optional"/>
        <attribute name="PreferLevel" type="xsd:string" use="optional"/>
      </complexType>
      <complexType name="TicketDistribPrefType">
        <sequence/>
        <attribute name="DistribType" type="xsd:int" use="optional"/>
        <attribute name="PreferLevel" type="xsd:string" use="optional"/>
      </complexType>
      <complexType name="BookingClassPrefType">
        <sequence/>
        <attribute name="ResBookDesigCode" type="xsd:string" use="optional"/>
      </complexType>
      <complexType name="TravelPreferencesType">
        <sequence>
          <element name="FlightTypePref" nillable="true" type="tns1:FlightTypePrefType"/>
          <element name="EquipPref" nillable="true" type="tns1:EquipPrefType"/>
          <element name="CabinPref" nillable="true" type="tns1:CabinPrefType"/>
          <element name="TicketDistribPref" nillable="true" type="tns1:TicketDistribPrefType"/>
          <element name="BookingClassPref" nillable="true" type="tns1:BookingClassPrefType"/>
        </sequence>
        <attribute name="MaxStopsQuantity" type="xsd:int" use="optional"/>
      </complexType>
      <complexType name="PassengerTypeQuantityType">
        <sequence/>
        <attribute name="Code" type="xsd:string" use="optional"/>
        <attribute name="Quantity" type="xsd:int" use="optional"/>
      </complexType>
      <complexType name="AirTravelerAvailType">
        <sequence>
          <element maxOccurs="unbounded" minOccurs="0" name="PassengerTypeQuantity" nillable="true" type="tns1:PassengerTypeQuantityType"/>
          <element name="temp" type="xsd:string"/>
        </sequence>
      </complexType>
      <complexType name="TravelerInfoSummaryType">
        <sequence>
          <element name="AirTravelerAvail" nillable="true" type="tns1:AirTravelerAvailType"/>
        </sequence>
      </complexType>
      <complexType name="DepartureAirportType">
        <sequence/>
        <attribute name="LocationCode" type="xsd:string" use="optional"/>
      </complexType>
      <complexType name="ArrivalAirportType">
        <sequence/>
        <attribute name="LocationCode" type="xsd:string" use="optional"/>
      </complexType>
      <complexType name="EquipmentType">
        <sequence/>
        <attribute name="AirEquipType" type="xsd:string" use="optional"/>
        <attribute name="ChangeofGauge" type="xsd:string" use="optional"/>
      </complexType>
      <complexType name="MarkettingAirlineType">
        <sequence/>
        <attribute name="CompanyShortName" type="xsd:string" use="optional"/>
      </complexType>
      <complexType name="MarketingCabinType">
        <sequence>
          <element name="Meal" nillable="true" type="xsd:string"/>
        </sequence>
        <attribute name="RPH" type="xsd:int" use="optional"/>
        <attribute name="CabinType" type="xsd:string" use="optional"/>
      </complexType>
      <complexType name="BookingClassAvailType">
        <sequence/>
        <attribute name="RPH" type="xsd:int" use="optional"/>
        <attribute name="CabinType" type="xsd:string" use="optional"/>
        <attribute name="ResBookDesigCode" type="xsd:string" use="optional"/>
        <attribute name="ResBookDesigQuantity" type="xsd:int" use="optional"/>
      </complexType>
      <complexType name="BookingClassAvailExtType">
        <sequence>
          <element name="FareInfos" nillable="true" type="tns1:FareInfosType"/>
        </sequence>
        <attribute name="RPH" type="xsd:int" use="optional"/>
        <attribute name="CabinType" type="xsd:string" use="optional"/>
        <attribute name="ResBookDesigCode" type="xsd:string" use="optional"/>
        <attribute name="ResBookDesigQuantity" type="xsd:int" use="optional"/>
      </complexType>
      <complexType name="FareInfoType">
        <sequence>
          <element name="MarkettingAirline" nillable="true" type="tns1:MarkettingAirlineType"/>
          <element name="PricingInfo" nillable="true" type="tns1:PricingInfoType"/>
        </sequence>
        <attribute name="FareReference" type="xsd:string" use="optional"/>
        <attribute name="FareReferenceName" type="xsd:string" use="optional"/>
        <attribute name="FareReferenceID" type="xsd:string" use="optional"/>
      </complexType>
      <complexType name="FareInfosType">
        <sequence>
          <element maxOccurs="unbounded" minOccurs="0" name="FareInfo" nillable="true" type="tns1:FareInfoType"/>
        </sequence>
      </complexType>
      <complexType name="FlightSegmentType">
        <sequence>
          <element name="DepartureAirport" nillable="true" type="tns1:DepartureAirportType"/>
          <element name="ArrivalAirport" nillable="true" type="tns1:ArrivalAirportType"/>
          <element name="Equipment" nillable="true" type="tns1:EquipmentType"/>
          <element name="MarkettingAirline" nillable="true" type="tns1:MarkettingAirlineType"/>
          <element maxOccurs="unbounded" minOccurs="0" name="MarketingCabin" nillable="true" type="tns1:MarketingCabinType"/>
          <element maxOccurs="unbounded" minOccurs="0" name="BookingClassAvail" nillable="true" type="tns1:BookingClassAvailType"/>
          <element name="comment" nillable="true" type="xsd:string"/>
          <element minOccurs="0" name="MarriageGrp" type="xsd:string"/>
        </sequence>
        <attribute name="ArrivalDateTime" type="xsd:string" use="optional"/>
        <attribute name="DepartureDateTime" type="xsd:string" use="optional"/>
        <attribute name="FlightNumber" type="xsd:string" use="optional"/>
        <attribute name="JourneyDuration" type="xsd:string" use="optional"/>
        <attribute name="OnTimeRate" type="xsd:string" use="optional"/>
        <attribute name="ResBookDesigCode" type="xsd:string" use="optional"/>
        <attribute name="ResBookDesigID" type="xsd:string" use="optional"/>
        <attribute name="StopQuantity" type="xsd:int" use="optional"/>
        <attribute name="Ticket" type="xsd:string" use="optional"/>
        <attribute name="RPH" type="xsd:string" use="optional"/>
        <attribute name="Status" type="xsd:string" use="optional"/>
      </complexType>
      <complexType name="FlightSegmentExtType">
        <sequence>
          <element name="DepartureAirport" nillable="true" type="tns1:DepartureAirportType"/>
          <element name="ArrivalAirport" nillable="true" type="tns1:ArrivalAirportType"/>
          <element name="Equipment" nillable="true" type="tns1:EquipmentType"/>
          <element name="MarkettingAirline" nillable="true" type="tns1:MarkettingAirlineType"/>
          <element maxOccurs="unbounded" minOccurs="0" name="MarketingCabin" nillable="true" type="tns1:MarketingCabinType"/>
          <element maxOccurs="unbounded" minOccurs="0" name="BookingClassAvailExt" nillable="true" type="tns1:BookingClassAvailExtType"/>
          <element name="comment" nillable="true" type="xsd:string"/>
          <element minOccurs="0" name="MarriageGrp" type="xsd:string"/>
        </sequence>
        <attribute name="ArrivalDateTime" type="xsd:string" use="optional"/>
        <attribute name="DepartureDateTime" type="xsd:string" use="optional"/>
        <attribute name="FlightNumber" type="xsd:string" use="optional"/>
        <attribute name="JourneyDuration" type="xsd:string" use="optional"/>
        <attribute name="OnTimeRate" type="xsd:string" use="optional"/>
        <attribute name="ResBookDesigCode" type="xsd:string" use="optional"/>
        <attribute name="ResBookDesigID" type="xsd:string" use="optional"/>
        <attribute name="StopQuantity" type="xsd:int" use="optional"/>
        <attribute name="Ticket" type="xsd:string" use="optional"/>
        <attribute name="RPH" type="xsd:string" use="optional"/>
        <attribute name="Status" type="xsd:string" use="optional"/>
      </complexType>
      <complexType name="OriginDestinationOptionType">
        <sequence>
          <element maxOccurs="unbounded" minOccurs="0" name="FlightSegment" nillable="true" type="tns1:FlightSegmentType"/>
          <element name="dummy" nillable="true" type="xsd:string"/>
        </sequence>
      </complexType>
      <complexType name="OriginDestinationOptionsType">
        <sequence>
          <element maxOccurs="unbounded" minOccurs="0" name="OriginDestinationOption" nillable="true" type="tns1:OriginDestinationOptionType"/>
          <element name="dummy" nillable="true" type="xsd:string"/>
        </sequence>
      </complexType>
      <complexType name="OriginDestinationOptionExtType">
        <sequence>
          <element maxOccurs="unbounded" minOccurs="0" name="FlightSegmentExt" nillable="true" type="tns1:FlightSegmentExtType"/>
          <element name="dummy" nillable="true" type="xsd:string"/>
        </sequence>
      </complexType>
      <complexType name="OriginDestinationOptionsExtType">
        <sequence>
          <element maxOccurs="unbounded" minOccurs="0" name="OriginDestinationOptionExt" nillable="true" type="tns1:OriginDestinationOptionExtType"/>
          <element name="dummy" nillable="true" type="xsd:string"/>
        </sequence>
      </complexType>
      <complexType name="AirItineraryType">
        <sequence>
          <element name="OriginDestinationOptions" nillable="true" type="tns1:OriginDestinationOptionsType"/>
        </sequence>
        <attribute name="DirectionInd" type="xsd:string" use="optional"/>
      </complexType>
      <complexType name="UniqueIDType">
        <sequence/>
        <attribute name="ID" type="xsd:string" use="optional"/>
        <attribute name="URL" type="xsd:string" use="optional"/>
        <attribute name="Instance" type="xsd:string" use="optional"/>
        <attribute name="Type" type="xsd:string" use="optional"/>
      </complexType>
      <complexType name="ProfileRefType">
        <sequence>
          <element name="UniqueID" nillable="true" type="tns1:UniqueIDType"/>
        </sequence>
      </complexType>
      <complexType name="PersonNameType">
        <sequence>
          <element name="NamePrefix" nillable="true" type="xsd:string"/>
          <element name="GivenName" nillable="true" type="xsd:string"/>
          <element name="Surname" nillable="true" type="xsd:string"/>
          <element name="NameTitle" nillable="true" type="xsd:string"/>
        </sequence>
      </complexType>
      <complexType name="TelephoneType">
        <sequence/>
        <attribute name="AreaCityCode" type="xsd:string" use="optional"/>
        <attribute name="PhoneNumber" type="xsd:string" use="optional"/>
      </complexType>
      <complexType name="DocumentType">
        <sequence>
          <element name="DocHolderName" nillable="true" type="xsd:string"/>
        </sequence>
        <attribute name="BirthDate" type="xsd:string" use="optional"/>
        <attribute name="DocID" type="xsd:string" use="optional"/>
        <attribute name="DocIssueAuthority" type="xsd:string" use="optional"/>
        <attribute name="DocIssueLocation" type="xsd:string" use="optional"/>
        <attribute name="DocType" type="xsd:string" use="optional"/>
        <attribute name="EffectiveDate" type="xsd:string" use="optional"/>
        <attribute name="ExpireDate" type="xsd:string" use="optional"/>
        <attribute name="Gender" type="xsd:string" use="optional"/>
      </complexType>
      <complexType name="AirTravelerType">
        <sequence>
          <element name="ProfileRef" nillable="true" type="tns1:ProfileRefType"/>
          <element name="PersonName" nillable="true" type="tns1:PersonNameType"/>
          <element name="Telephone" nillable="true" type="tns1:TelephoneType"/>
          <element name="Email" nillable="true" type="xsd:string"/>
          <element name="Document" nillable="true" type="tns1:DocumentType"/>
        </sequence>
        <attribute name="PassengerTypeCode" type="xsd:string" use="optional"/>
        <attribute name="TicketNumber" type="xsd:string" use="optional"/>
        <attribute name="FlightRefNumberRPHList" type="xsd:string" use="optional"/>
        <attribute name="TravelerRefNumberRPHList" type="xsd:string" use="optional"/>
      </complexType>
      <complexType name="SpecialServiceRequestType">
        <sequence>
          <element name="Airline" nillable="true" type="xsd:string"/>
          <element name="text" nillable="true" type="xsd:string"/>
        </sequence>
        <attribute name="SSRCode" type="xsd:string" use="optional"/>
        <attribute name="FlightRefNumberRPHList" type="xsd:int" use="optional"/>
        <attribute name="TravelerRefNumberRPHList" type="xsd:string" use="optional"/>
      </complexType>
      <complexType name="SpecialServiceRequestsType">
        <sequence>
          <element maxOccurs="unbounded" minOccurs="0" name="SpecialServiceRequest" nillable="true" type="tns1:SpecialServiceRequestType"/>
          <element name="dummy" nillable="true" type="xsd:string"/>
        </sequence>
      </complexType>
      <complexType name="SpecialReqDetailsType">
        <sequence>
          <element name="SeatRequests" nillable="true" type="intf:ArrayOfSeatRequestType"/>
          <element name="SpecialServiceRequests" nillable="true" type="tns1:SpecialServiceRequestsType"/>
        </sequence>
      </complexType>
      <complexType name="TravelerInfoType">
        <sequence>
          <element maxOccurs="unbounded" minOccurs="0" name="AirTraveler" nillable="true" type="tns1:AirTravelerType"/>
          <element maxOccurs="unbounded" minOccurs="0" name="SpecialReqDetails" nillable="true" type="tns1:SpecialReqDetailsType"/>
        </sequence>
      </complexType>
      <complexType name="TicketingType">
        <sequence/>
        <attribute name="TicketType" type="xsd:string" use="optional"/>
      </complexType>
      <complexType name="CompanyNameType">
        <sequence/>
        <attribute name="Code" type="xsd:string" use="optional"/>
      </complexType>
      <complexType name="BookingReferenceIDType">
        <sequence>
          <element name="CompanyName" nillable="true" type="tns1:CompanyNameType"/>
        </sequence>
        <attribute name="ID" type="xsd:string" use="optional"/>
        <attribute name="Type" type="xsd:string" use="optional"/>
        <attribute name="TicketTimeLimit" type="xsd:string" use="optional"/>
      </complexType>
      <complexType name="AirReservationType">
        <sequence>
          <element name="AirItinerary" nillable="true" type="tns1:AirItineraryType"/>
          <element name="TravelerInfo" nillable="true" type="tns1:TravelerInfoType"/>
          <element name="BookingReferenceID" nillable="true" type="tns1:BookingReferenceIDType"/>
        </sequence>
        <attribute name="TotalFare" type="xsd:string" use="optional"/>
        <attribute name="TotalTaxes" type="xsd:string" use="optional"/>
        <attribute name="TotalAmount" type="xsd:string" use="optional"/>
        <attribute name="Currency" type="xsd:string" use="optional"/>
      </complexType>
      <complexType name="UniqueIDShortType">
        <sequence>
          <element name="CompanyName" nillable="true" type="tns1:CompanyNameType"/>
        </sequence>
        <attribute name="ID" type="xsd:string" use="optional"/>
      </complexType>
      <complexType name="SpecificFlightInfoType">
        <sequence>
          <element name="FlightNumber" nillable="true" type="xsd:string"/>
          <element name="BookingClassPref" nillable="true" type="tns1:BookingClassPrefType"/>
        </sequence>
      </complexType>
      <complexType name="TravelDatesType">
        <sequence/>
        <attribute name="ArrivalDate" type="xsd:string" use="optional"/>
        <attribute name="DepartureDate" type="xsd:string" use="optional"/>
      </complexType>
      <complexType name="FareType">
        <sequence/>
        <attribute name="Amount" type="xsd:string" use="optional"/>
        <attribute name="CurrencyCode" type="xsd:string" use="optional"/>
        <attribute name="DecimalPlaces" type="xsd:int" use="optional"/>
      </complexType>
      <complexType name="TaxType">
        <sequence/>
        <attribute name="Amount" type="xsd:string" use="optional"/>
        <attribute name="CurrencyCode" type="xsd:string" use="optional"/>
        <attribute name="TaxCode" type="xsd:string" use="optional"/>
        <attribute name="DecimalPlaces" type="xsd:int" use="optional"/>
      </complexType>
      <complexType name="TaxesType">
        <sequence>
          <element maxOccurs="unbounded" name="Tax" nillable="true" type="tns1:TaxType"/>
        </sequence>
      </complexType>
      <complexType name="PricingInfoType">
        <sequence>
          <element name="BaseFare" nillable="true" type="tns1:FareType"/>
          <element name="Taxes" nillable="true" type="tns1:TaxesType"/>
          <element name="TotalFare" nillable="true" type="tns1:FareType"/>
        </sequence>
        <attribute name="PassengerTypeCode" type="xsd:string" use="optional"/>
      </complexType>
      <complexType name="FareDisplayInfoType">
        <sequence>
          <element name="TravelDates" nillable="true" type="tns1:TravelDatesType"/>
          <element name="FareReference" nillable="true" type="xsd:string"/>
          <element name="FareReferenceID" nillable="true" type="xsd:string"/>
          <element name="MarkettingAirline" nillable="true" type="tns1:MarkettingAirlineType"/>
          <element name="DepartureLocation" nillable="true" type="tns1:LocationType"/>
          <element name="ArrivalLocation" nillable="true" type="tns1:LocationType"/>
          <element name="PricingInfo" nillable="true" type="tns1:PricingInfoType"/>
        </sequence>
        <attribute name="ResBookDesigCode" type="xsd:string" use="optional"/>
      </complexType>
      <complexType name="FareDisplayInfosType">
        <sequence>
          <element maxOccurs="unbounded" minOccurs="0" name="FareDisplayInfo" nillable="true" type="tns1:FareDisplayInfoType"/>
          <element name="dummy" nillable="true" type="xsd:string"/>
        </sequence>
      </complexType>
      <complexType name="ReadRequestType">
        <sequence>
          <element maxOccurs="unbounded" minOccurs="0" name="UniqueID" nillable="true" type="tns1:UniqueIDShortType"/>
          <element name="dummy" nillable="true" type="xsd:string"/>
        </sequence>
      </complexType>
      <complexType name="ReadRequestsType">
        <sequence>
          <element maxOccurs="unbounded" minOccurs="0" name="ReadRequest" nillable="true" type="tns1:ReadRequestType"/>
          <element name="dummy" type="xsd:string"/>
        </sequence>
      </complexType>
      <complexType name="SSRInfoType">
        <sequence/>
        <attribute name="SSRCode" type="xsd:string"/>
        <attribute name="SSRExplanation" type="xsd:string"/>
      </complexType>
      <complexType name="CateringSSRInfoType">
        <sequence>
          <element name="CateringFare" nillable="true" type="tns1:FareType"/>
          <element name="CateringSSRInfo" nillable="true" type="tns1:SSRInfoType"/>
        </sequence>
      </complexType>
      <complexType name="CateringSSRsInfoType">
        <sequence>
          <element maxOccurs="unbounded" minOccurs="0" name="CateringSSRInfo" nillable="true" type="tns1:CateringSSRInfoType"/>
        </sequence>
      </complexType>
      <complexType name="WBagInfoType">
        <sequence>
          <element name="WbagFare" nillable="true" type="tns1:FareType"/>
        </sequence>
        <attribute name="FreeWBagWeight" type="xsd:int"/>
        <attribute name="MaxWBagWeight" type="xsd:int"/>
      </complexType>
      <complexType name="SeatMapType">
        <sequence/>
        <attribute name="Seat" type="xsd:string"/>
        <attribute name="Attribute" type="xsd:string"/>
        <attribute name="CabinGroup" type="xsd:string"/>
        <attribute name="Status" type="xsd:string"/>
      </complexType>
      <complexType name="SeatMapTypes">
        <sequence>
          <element maxOccurs="unbounded" minOccurs="0" name="SeatMapType" nillable="true" type="tns1:SeatMapType"/>
          <element name="dummy" nillable="true" type="xsd:string"/>
        </sequence>
      </complexType>
      <complexType name="SeatPriceType">
        <sequence/>
        <attribute name="Attributes" type="xsd:string"/>
        <attribute name="Price" type="xsd:string"/>
        <attribute name="Currency" type="xsd:string"/>
      </complexType>
      <complexType name="SeatPriceTypes">
        <sequence>
          <element maxOccurs="unbounded" minOccurs="0" name="SeatPriceType" nillable="true" type="tns1:SeatPriceType"/>
          <element name="dummy" nillable="true" type="xsd:string"/>
        </sequence>
      </complexType>
    </schema>
    <schema attributeFormDefault="unqualified" elementFormDefault="qualified" targetNamespace="http://ota.paxws.otaxmlws/" xmlns="http://www.w3.org/2001/XMLSchema" xmlns:ns1="http://schemas.xmlsoap.org/soap/encoding/">
      <import namespace="http://types.paxws.otaxmlws/"/>
      <complexType name="OTA_AirAvailRQType">
        <sequence>
          <element name="POS" type="tns1:POSType"/>
          <element name="OriginDestinationInformation" nillable="true" type="tns1:OriginDestinationInformationType"/>
          <element name="TravelPreferences" nillable="true" type="tns1:TravelPreferencesType"/>
          <element name="TravelerInfoSummary" nillable="true" type="tns1:TravelerInfoSummaryType"/>
        </sequence>
        <attribute name="DirectFlightsOnly" type="xsd:boolean" use="optional"/>
        <attribute name="PrimaryLangID" type="xsd:string" use="optional"/>
        <attribute name="SequenceNmbr" type="xsd:int" use="optional"/>
      </complexType>
      <element name="OTA_AirAvailRSType">
        <complexType>
          <sequence>
            <element name="Success" type="xsd:boolean"/>
            <element name="OriginDestinationOptions" nillable="true" type="tns1:OriginDestinationOptionsType"/>
          </sequence>
          <attribute name="SequenceNmbr" type="xsd:int" use="optional"/>
          <attribute name="TimeStamp" type="xsd:string" use="optional"/>
        </complexType>
      </element>
      <complexType name="PaxWebServiceException">
        <sequence>
          <element name="faultcode" nillable="true" type="xsd:string"/>
          <element name="faultstring" nillable="true" type="xsd:string"/>
          <element name="description" nillable="true" type="xsd:string"/>
        </sequence>
      </complexType>
      <element name="fault" type="intf:PaxWebServiceException"/>
      <complexType name="SeatRequestType">
        <sequence/>
        <attribute name="FlightRefNumberRPHList" type="xsd:string" use="optional"/>
        <attribute name="SeatNumber" type="xsd:string" use="optional"/>
        <attribute name="TravelerRefNumberRPHList" type="xsd:string" use="optional"/>
      </complexType>
      <complexType name="ArrayOfSeatRequestType">
        <sequence>
          <element maxOccurs="unbounded" minOccurs="0" name="item" type="intf:SeatRequestType"/>
        </sequence>
      </complexType>
      <complexType name="OTA_AirBookRQType">
        <sequence>
          <element name="POS" type="tns1:POSType"/>
          <element name="AirItinerary" nillable="true" type="tns1:AirItineraryType"/>
          <element name="TravelerInfo" nillable="true" type="tns1:TravelerInfoType"/>
          <element name="Ticketing" nillable="true" type="tns1:TicketingType"/>
        </sequence>
        <attribute name="SequenceNmbr" type="xsd:int" use="optional"/>
        <attribute name="TimeStamp" type="xsd:string" use="optional"/>
        <attribute name="ExtTransactionID" type="xsd:string" use="optional"/>
      </complexType>
      <element name="OTA_AirBookRSType">
        <complexType>
          <sequence>
            <element name="Success" type="xsd:boolean"/>
            <element name="AirReservation" nillable="true" type="tns1:AirReservationType"/>
          </sequence>
          <attribute name="SequenceNmbr" type="xsd:int" use="optional"/>
          <attribute name="TimeStamp" type="xsd:string" use="optional"/>
          <attribute name="ExtTransactionID" type="xsd:string" use="optional"/>
        </complexType>
      </element>
      <complexType name="OTA_PingRQType">
        <sequence>
          <element name="EchoData" nillable="true" type="xsd:string"/>
        </sequence>
        <attribute name="SequenceNmbr" type="xsd:int" use="optional"/>
        <attribute name="TimeStamp" type="xsd:string" use="optional"/>
      </complexType>
      <element name="OTA_PingRSType">
        <complexType>
          <sequence>
            <element name="EchoData" nillable="true" type="xsd:string"/>
          </sequence>
          <attribute name="SequenceNmbr" type="xsd:int" use="optional"/>
          <attribute name="TimeStamp" type="xsd:string" use="optional"/>
        </complexType>
      </element>
      <complexType name="OTA_CancelRQType">
        <sequence>
          <element name="POS" type="tns1:POSType"/>
          <element maxOccurs="unbounded" name="UniqueID" nillable="true" type="tns1:UniqueIDShortType"/>
        </sequence>
        <attribute name="SequenceNmbr" type="xsd:int" use="optional"/>
        <attribute name="TimeStamp" type="xsd:string" use="optional"/>
        <attribute name="CancelType" type="xsd:string" use="required"/>
      </complexType>
      <element name="OTA_CancelRSType">
        <complexType>
          <sequence>
            <element name="Success" type="xsd:boolean"/>
            <element maxOccurs="unbounded" name="UniqueID" nillable="true" type="tns1:UniqueIDShortType"/>
            <element name="RefundAmount" nillable="true" type="xsd:string"/>
            <element name="CashRefundAmount" nillable="true" type="xsd:string"/>
          </sequence>
          <attribute name="SequenceNmbr" type="xsd:int" use="optional"/>
          <attribute name="TimeStamp" type="xsd:string" use="optional"/>
        </complexType>
      </element>
      <complexType name="OTA_AirFareDisplayRQType">
        <sequence>
          <element name="POS" type="tns1:POSType"/>
          <element name="OriginDestinationInformation" nillable="true" type="tns1:OriginDestinationInformationType"/>
          <element name="SpecificFlightInfo" nillable="true" type="tns1:SpecificFlightInfoType"/>
        </sequence>
        <attribute name="PrimaryLangID" type="xsd:string" use="optional"/>
        <attribute name="SequenceNmbr" type="xsd:int" use="optional"/>
        <attribute name="TimeStamp" type="xsd:string" use="optional"/>
      </complexType>
      <element name="OTA_AirFareDisplayRSType">
        <complexType>
          <sequence>
            <element name="Success" type="xsd:boolean"/>
            <element name="FareDisplayInfos" nillable="true" type="tns1:FareDisplayInfosType"/>
          </sequence>
          <attribute name="SequenceNmbr" type="xsd:int" use="optional"/>
          <attribute name="TimeStamp" type="xsd:string" use="optional"/>
        </complexType>
      </element>
      <complexType name="OTA_ReadRQType">
        <sequence>
          <element name="POS" type="tns1:POSType"/>
          <element name="ReadRequests" nillable="true" type="tns1:ReadRequestsType"/>
        </sequence>
        <attribute name="SequenceNmbr" type="xsd:int" use="optional"/>
        <attribute name="TimeStamp" type="xsd:string" use="optional"/>
      </complexType>
      <complexType name="OTA_TicketReservationRQType">
        <sequence>
          <element name="POS" type="tns1:POSType"/>
          <element name="BookingReferenceID" nillable="true" type="tns1:UniqueIDShortType"/>
          <element name="SpecialServiceRequests" nillable="true" type="tns1:SpecialServiceRequestsType"/>
        </sequence>
        <attribute name="SequenceNmbr" type="xsd:int" use="optional"/>
        <attribute name="TimeStamp" type="xsd:string" use="optional"/>
      </complexType>
      <complexType name="OTA_AirFlightSearchRQType">
        <sequence>
          <element name="POS" type="tns1:POSType"/>
          <element name="OriginDestinationInformation" nillable="true" type="tns1:OriginDestinationInformationType"/>
          <element name="TravelPreferences" nillable="true" type="tns1:TravelPreferencesType"/>
          <element name="TravelerInfoSummary" nillable="true" type="tns1:TravelerInfoSummaryType"/>
        </sequence>
        <attribute name="DirectFlightsOnly" type="xsd:boolean" use="optional"/>
        <attribute name="PrimaryLangID" type="xsd:string" use="optional"/>
        <attribute name="SequenceNmbr" type="xsd:int" use="optional"/>
      </complexType>
      <element name="OTA_AirFlightSearchRSType">
        <complexType>
          <sequence>
            <element name="Success" type="xsd:boolean"/>
            <element name="OriginDestinationOptionsExt" nillable="true" type="tns1:OriginDestinationOptionsExtType"/>
          </sequence>
          <attribute name="SequenceNmbr" type="xsd:int" use="optional"/>
          <attribute name="TimeStamp" type="xsd:string" use="optional"/>
        </complexType>
      </element>
      <complexType name="OTA_AirBookModifyRQType">
        <sequence>
          <element name="POS" type="tns1:POSType"/>
          <element name="AirBookModifyRQ">
            <complexType>
              <complexContent>
                <extension base="tns1:AirReservationType">
                  <attribute name="ModificationType" type="xsd:string" use="optional"/>
                </extension>
              </complexContent>
            </complexType>
          </element>
          <element minOccurs="0" name="AirReservation" type="tns1:AirReservationType"/>
        </sequence>
      </complexType>
      <element name="OTA_BookingModifyInquiryRSType">
        <complexType>
          <sequence>
            <element name="Success" type="xsd:boolean"/>
            <element maxOccurs="unbounded" name="UniqueID" nillable="true" type="tns1:UniqueIDShortType"/>
            <element name="RefundAmount" nillable="true" type="xsd:string"/>
            <element name="CashRefundAmount" nillable="true" type="xsd:string"/>
          </sequence>
          <attribute name="SequenceNmbr" type="xsd:int" use="optional"/>
          <attribute name="TimeStamp" type="xsd:string" use="optional"/>
        </complexType>
      </element>
      <complexType name="OTA_ServiceChargeRQType">
        <sequence>
          <element name="POS" type="tns1:POSType"/>
          <element name="AirItinerary" nillable="true" type="tns1:AirItineraryType"/>
          <element name="AdultCount" nillable="true" type="xsd:int"/>
          <element name="ChildCount" nillable="true" type="xsd:int"/>
          <element name="InfantCount" nillable="true" type="xsd:int"/>
        </sequence>
      </complexType>
      <element name="OTA_ServiceChargeRSType">
        <complexType>
          <sequence>
            <element name="ServiceCharge" type="tns1:FareType"/>
          </sequence>
        </complexType>
      </element>
      <complexType name="OTA_CateringAvailRQType">
        <sequence>
          <element name="POS" type="tns1:POSType"/>
          <element name="FlightSegment" type="tns1:FlightSegmentType"/>
        </sequence>
      </complexType>
      <element name="OTA_CateringAvailRSType">
        <complexType>
          <sequence>
            <element name="CateringAvail" nillable="true" type="tns1:CateringSSRsInfoType"/>
          </sequence>
        </complexType>
      </element>
      <complexType name="OTA_WBagAvailRQType">
        <sequence>
          <element name="POS" type="tns1:POSType"/>
          <element name="BookingReferenceID" nillable="true" type="tns1:UniqueIDShortType"/>
          <element name="FlightSegment" type="tns1:FlightSegmentType"/>
        </sequence>
      </complexType>
      <element name="OTA_WBagAvailRSType">
        <complexType>
          <sequence>
            <element name="WBagAvail" nillable="true" type="tns1:WBagInfoType"/>
          </sequence>
        </complexType>
      </element>
      <complexType name="OTA_Retrieve_SeatMapRQType">
        <sequence>
          <element name="POS" type="tns1:POSType"/>
          <element name="BookingReferenceID" nillable="true" type="tns1:UniqueIDShortType"/>
          <element name="FlightSegment" type="tns1:FlightSegmentType"/>
        </sequence>
      </complexType>
      <element name="OTA_RetrieveSeatMapRSType">
        <complexType>
          <sequence>
            <element name="SeatMaps" type="tns1:SeatMapTypes"/>
            <element name="SeatPrices" type="tns1:SeatPriceTypes"/>
          </sequence>
        </complexType>
      </element>
    </schema>
    <schema attributeFormDefault="unqualified" elementFormDefault="qualified" targetNamespace="http://otabase.otapax.otaxmlws/" xmlns="http://www.w3.org/2001/XMLSchema" xmlns:ns1="http://schemas.xmlsoap.org/soap/encoding/">
      <import namespace="http://ota.paxws.otaxmlws/"/>
      <import namespace="http://types.paxws.otaxmlws/"/>
      <element name="OTA_AirAvailRQ" type="intf:OTA_AirAvailRQType"/>
      <element name="OTA_AirBookRQ" type="intf:OTA_AirBookRQType"/>
      <element name="OTA_PingRQ" type="intf:OTA_PingRQType"/>
      <element name="OTA_CancelRQ" type="intf:OTA_CancelRQType"/>
      <element name="OTA_AirFareDisplayRQ" type="intf:OTA_AirFareDisplayRQType"/>
      <element name="OTA_ReadRQ" type="intf:OTA_ReadRQType"/>
      <element name="OTA_TicketReservationRQ" type="intf:OTA_TicketReservationRQType"/>
      <element name="OTA_AirFlightSearchRQ" type="intf:OTA_AirFlightSearchRQType"/>
      <element name="OTA_AirBookModifyRQ" type="intf:OTA_AirBookModifyRQType"/>
      <element name="OTA_ServiceChargeRQ" type="intf:OTA_ServiceChargeRQType"/>
      <element name="OTA_CateringAvailRQ" type="intf:OTA_CateringAvailRQType"/>
      <element name="OTA_WBagAvailRQ" type="intf:OTA_WBagAvailRQType"/>
      <element name="OTA_Retrieve_SeatMapRQ" type="intf:OTA_Retrieve_SeatMapRQType"/>
    </schema>
  </wsdl:types>
  <wsdl:message name="TicketReservationRequest">
    <wsdl:part name="part1" element="tns2:OTA_TicketReservationRQ"/>
  </wsdl:message>
  <wsdl:message name="TicketReservationResponse">
    <wsdl:part name="part1" element="impl:OTA_AirBookRSType"/>
  </wsdl:message>
  <wsdl:message name="PaxWebServiceException">
    <wsdl:part name="part1" element="impl:fault"/>
  </wsdl:message>
  <wsdl:message name="BookingModifyRequest">
    <wsdl:part name="part1" element="tns2:OTA_AirBookModifyRQ"/>
  </wsdl:message>
  <wsdl:message name="BookingModifyResponse">
    <wsdl:part name="part1" element="impl:OTA_AirBookRSType"/>
  </wsdl:message>
  <wsdl:message name="BookingRequest">
    <wsdl:part name="part1" element="tns2:OTA_AirBookRQ"/>
  </wsdl:message>
  <wsdl:message name="BookingResponse">
    <wsdl:part name="part1" element="impl:OTA_AirBookRSType"/>
  </wsdl:message>
  <wsdl:message name="FlightSearchRequest">
    <wsdl:part name="part1" element="tns2:OTA_AirFlightSearchRQ"/>
  </wsdl:message>
  <wsdl:message name="FlightSearchResponse">
    <wsdl:part name="part1" element="impl:OTA_AirFlightSearchRSType"/>
  </wsdl:message>
  <wsdl:message name="BookingModifyInquiryRequest">
    <wsdl:part name="part1" element="tns2:OTA_AirBookModifyRQ"/>
  </wsdl:message>
  <wsdl:message name="BookingModifyInquiryResponse">
    <wsdl:part name="part1" element="impl:OTA_BookingModifyInquiryRSType"/>
  </wsdl:message>
  <wsdl:message name="CalculateServiceChargeRequest">
    <wsdl:part name="part1" element="tns2:OTA_ServiceChargeRQ"/>
  </wsdl:message>
  <wsdl:message name="CalculateServiceChargeResponse">
    <wsdl:part name="part1" element="impl:OTA_ServiceChargeRSType"/>
  </wsdl:message>
  <wsdl:message name="CateringAvailabilityRequest">
    <wsdl:part name="part1" element="tns2:OTA_CateringAvailRQ"/>
  </wsdl:message>
  <wsdl:message name="CateringAvailabilityResponse">
    <wsdl:part name="part1" element="impl:OTA_CateringAvailRSType"/>
  </wsdl:message>
  <wsdl:message name="AvabilityRequest">
    <wsdl:part name="part1" element="tns2:OTA_AirAvailRQ"/>
  </wsdl:message>
  <wsdl:message name="AvabilityResponse">
    <wsdl:part name="part1" element="impl:OTA_AirAvailRSType"/>
  </wsdl:message>
  <wsdl:message name="CancelReservationRequest">
    <wsdl:part name="part1" element="tns2:OTA_CancelRQ"/>
  </wsdl:message>
  <wsdl:message name="CancelReservationResponse">
    <wsdl:part name="part1" element="impl:OTA_CancelRSType"/>
  </wsdl:message>
  <wsdl:message name="FareDisplayRequest">
    <wsdl:part name="part1" element="tns2:OTA_AirFareDisplayRQ"/>
  </wsdl:message>
  <wsdl:message name="FareDisplayResponse">
    <wsdl:part name="part1" element="impl:OTA_AirFareDisplayRSType"/>
  </wsdl:message>
  <wsdl:message name="Retrieve_SeatMapRequest">
    <wsdl:part name="part1" element="tns2:OTA_Retrieve_SeatMapRQ"/>
  </wsdl:message>
  <wsdl:message name="RetrieveSeatMapResponse">
    <wsdl:part name="part1" element="impl:OTA_RetrieveSeatMapRSType"/>
  </wsdl:message>
  <wsdl:message name="ReadReservationRequest">
    <wsdl:part name="part1" element="tns2:OTA_ReadRQ"/>
  </wsdl:message>
  <wsdl:message name="ReadReservationResponse">
    <wsdl:part name="part1" element="impl:OTA_AirBookRSType"/>
  </wsdl:message>
  <wsdl:message name="PingRequest">
    <wsdl:part name="part1" element="tns2:OTA_PingRQ"/>
  </wsdl:message>
  <wsdl:message name="PingResponse">
    <wsdl:part name="part1" element="impl:OTA_PingRSType"/>
  </wsdl:message>
  <wsdl:message name="WBagAvailabilityRequest">
    <wsdl:part name="part1" element="tns2:OTA_WBagAvailRQ"/>
  </wsdl:message>
  <wsdl:message name="WBagAvailabilityResponse">
    <wsdl:part name="part1" element="impl:OTA_WBagAvailRSType"/>
  </wsdl:message>
  <wsdl:portType name="CraneOTAServiceExtendedPortType">
    <wsdl:operation name="TicketReservation">
      <wsdl:input message="impl:TicketReservationRequest" wsaw:Action="/TicketReservation"/>
      <wsdl:output message="impl:TicketReservationResponse" wsaw:Action="//ota.paxws.otaxmlws/CraneOTAServiceExtendedPortType/TicketReservationResponse"/>
      <wsdl:fault message="impl:PaxWebServiceException" name="PaxWebServiceException" wsaw:Action="//ota.paxws.otaxmlws/CraneOTAServiceExtendedPortType/TicketReservation/Fault/PaxWebServiceException"/>
    </wsdl:operation>
    <wsdl:operation name="BookingModify">
      <wsdl:input message="impl:BookingModifyRequest" wsaw:Action="/BookingModify"/>
      <wsdl:output message="impl:BookingModifyResponse" wsaw:Action="//ota.paxws.otaxmlws/CraneOTAServiceExtendedPortType/BookingModifyResponse"/>
      <wsdl:fault message="impl:PaxWebServiceException" name="PaxWebServiceException" wsaw:Action="//ota.paxws.otaxmlws/CraneOTAServiceExtendedPortType/Booking/Fault/PaxWebServiceException"/>
    </wsdl:operation>
    <wsdl:operation name="Booking">
      <wsdl:input message="impl:BookingRequest" wsaw:Action="/Booking"/>
      <wsdl:output message="impl:BookingResponse" wsaw:Action="//ota.paxws.otaxmlws/CraneOTAServiceExtendedPortType/BookingResponse"/>
      <wsdl:fault message="impl:PaxWebServiceException" name="PaxWebServiceException" wsaw:Action="//ota.paxws.otaxmlws/CraneOTAServiceExtendedPortType/Booking/Fault/PaxWebServiceException"/>
    </wsdl:operation>
    <wsdl:operation name="FlightSearch">
      <wsdl:input message="impl:FlightSearchRequest" wsaw:Action="/FlightSearch"/>
      <wsdl:output message="impl:FlightSearchResponse" wsaw:Action="//ota.paxws.otaxmlws/CraneOTAServiceExtendedPortType/FlightSearchResponse"/>
      <wsdl:fault message="impl:PaxWebServiceException" name="PaxWebServiceException" wsaw:Action="//ota.paxws.otaxmlws/CraneOTAServiceExtendedPortType/FlightSearch/Fault/PaxWebServiceException"/>
    </wsdl:operation>
    <wsdl:operation name="BookingModifyInquiry">
      <wsdl:input message="impl:BookingModifyInquiryRequest" wsaw:Action="/BookingModifyInquiry"/>
      <wsdl:output message="impl:BookingModifyInquiryResponse" wsaw:Action="//ota.paxws.otaxmlws/CraneOTAServiceExtendedPortType/BookingModifyInquiryResponse"/>
      <wsdl:fault message="impl:PaxWebServiceException" name="PaxWebServiceException" wsaw:Action="//ota.paxws.otaxmlws/CraneOTAServiceExtendedPortType/Booking/Fault/PaxWebServiceException"/>
    </wsdl:operation>
    <wsdl:operation name="CalculateServiceCharge">
      <wsdl:input message="impl:CalculateServiceChargeRequest" wsaw:Action="/CalculateServiceCharge"/>
      <wsdl:output message="impl:CalculateServiceChargeResponse" wsaw:Action="//ota.paxws.otaxmlws/CraneOTAServiceExtendedPortType/CalculateServiceChargeResponse"/>
      <wsdl:fault message="impl:PaxWebServiceException" name="PaxWebServiceException" wsaw:Action="//ota.paxws.otaxmlws/CraneOTAServiceExtendedPortType/CalculateServiceCharge/Fault/PaxWebServiceException"/>
    </wsdl:operation>
    <wsdl:operation name="CateringAvailability">
      <wsdl:input message="impl:CateringAvailabilityRequest" wsaw:Action="/CateringAvailability"/>
      <wsdl:output message="impl:CateringAvailabilityResponse" wsaw:Action="//ota.paxws.otaxmlws/CraneOTAServiceExtendedPortType/CateringAvailabilityResponse"/>
      <wsdl:fault message="impl:PaxWebServiceException" name="PaxWebServiceException" wsaw:Action="//ota.paxws.otaxmlws/CraneOTAServiceExtendedPortType/CateringAvailability/Fault/PaxWebServiceException"/>
    </wsdl:operation>
    <wsdl:operation name="Availability">
      <wsdl:input message="impl:AvabilityRequest" wsaw:Action="/Availability"/>
      <wsdl:output message="impl:AvabilityResponse" wsaw:Action="//ota.paxws.otaxmlws/CraneOTAServiceExtendedPortType/AvailabilityResponse"/>
      <wsdl:fault message="impl:PaxWebServiceException" name="PaxWebServiceException" wsaw:Action="//ota.paxws.otaxmlws/CraneOTAServiceExtendedPortType/Availability/Fault/PaxWebServiceException"/>
    </wsdl:operation>
    <wsdl:operation name="CancelReservation">
      <wsdl:input message="impl:CancelReservationRequest" wsaw:Action="/CancelReservation"/>
      <wsdl:output message="impl:CancelReservationResponse" wsaw:Action="//ota.paxws.otaxmlws/CraneOTAServiceExtendedPortType/CancelReservationResponse"/>
      <wsdl:fault message="impl:PaxWebServiceException" name="PaxWebServiceException" wsaw:Action="//ota.paxws.otaxmlws/CraneOTAServiceExtendedPortType/CancelReservation/Fault/PaxWebServiceException"/>
    </wsdl:operation>
    <wsdl:operation name="FareDisplay">
      <wsdl:input message="impl:FareDisplayRequest" wsaw:Action="/FareDisplay"/>
      <wsdl:output message="impl:FareDisplayResponse" wsaw:Action="//ota.paxws.otaxmlws/CraneOTAServiceExtendedPortType/FareDisplayResponse"/>
      <wsdl:fault message="impl:PaxWebServiceException" name="PaxWebServiceException" wsaw:Action="//ota.paxws.otaxmlws/CraneOTAServiceExtendedPortType/FareDisplay/Fault/PaxWebServiceException"/>
    </wsdl:operation>
    <wsdl:operation name="RetrieveSeatMap">
      <wsdl:input message="impl:Retrieve_SeatMapRequest" wsaw:Action="/RetrieveSeatMap"/>
      <wsdl:output message="impl:RetrieveSeatMapResponse" wsaw:Action="//ota.paxws.otaxmlws/CraneOTAServiceExtendedPortType/RetrieveSeatMapResponse"/>
      <wsdl:fault message="impl:PaxWebServiceException" name="PaxWebServiceException" wsaw:Action="//ota.paxws.otaxmlws/CraneOTAServiceExtendedPortType/RetrieveSeatMap/Fault/PaxWebServiceException"/>
    </wsdl:operation>
    <wsdl:operation name="ReadReservation">
      <wsdl:input message="impl:ReadReservationRequest" wsaw:Action="/ReadReservation"/>
      <wsdl:output message="impl:ReadReservationResponse" wsaw:Action="//ota.paxws.otaxmlws/CraneOTAServiceExtendedPortType/ReadReservationResponse"/>
      <wsdl:fault message="impl:PaxWebServiceException" name="PaxWebServiceException" wsaw:Action="//ota.paxws.otaxmlws/CraneOTAServiceExtendedPortType/ReadReservation/Fault/PaxWebServiceException"/>
    </wsdl:operation>
    <wsdl:operation name="Ping">
      <wsdl:input message="impl:PingRequest" wsaw:Action="/Ping"/>
      <wsdl:output message="impl:PingResponse" wsaw:Action="//ota.paxws.otaxmlws/CraneOTAServiceExtendedPortType/PingResponse"/>
    </wsdl:operation>
    <wsdl:operation name="WBagAvailability">
      <wsdl:input message="impl:WBagAvailabilityRequest" wsaw:Action="/WBagAvailability"/>
      <wsdl:output message="impl:WBagAvailabilityResponse" wsaw:Action="//ota.paxws.otaxmlws/CraneOTAServiceExtendedPortType/WBagAvailabilityResponse"/>
      <wsdl:fault message="impl:PaxWebServiceException" name="PaxWebServiceException" wsaw:Action="//ota.paxws.otaxmlws/CraneOTAServiceExtendedPortType/WBagAvailability/Fault/PaxWebServiceException"/>
    </wsdl:operation>
  </wsdl:portType>
  <wsdl:binding name="CraneOTAServiceExtendedSOAP11Binding" type="impl:CraneOTAServiceExtendedPortType">
    <soap:binding transport="http://schemas.xmlsoap.org/soap/http" style="document"/>
    <wsdl:operation name="TicketReservation">
      <soap:operation soapAction="/TicketReservation" style="document"/>
      <wsdl:input>
        <soap:body use="literal"/>
      </wsdl:input>
      <wsdl:output>
        <soap:body use="literal"/>
      </wsdl:output>
      <wsdl:fault name="PaxWebServiceException">
        <soap:body use="literal"/>
      </wsdl:fault>
    </wsdl:operation>
    <wsdl:operation name="BookingModify">
      <soap:operation soapAction="/BookingModify" style="document"/>
      <wsdl:input>
        <soap:body use="literal"/>
      </wsdl:input>
      <wsdl:output>
        <soap:body use="literal"/>
      </wsdl:output>
      <wsdl:fault name="PaxWebServiceException">
        <soap:body use="literal"/>
      </wsdl:fault>
    </wsdl:operation>
    <wsdl:operation name="Booking">
      <soap:operation soapAction="/Booking" style="document"/>
      <wsdl:input>
        <soap:body use="literal"/>
      </wsdl:input>
      <wsdl:output>
        <soap:body use="literal"/>
      </wsdl:output>
      <wsdl:fault name="PaxWebServiceException">
        <soap:body use="literal"/>
      </wsdl:fault>
    </wsdl:operation>
    <wsdl:operation name="FlightSearch">
      <soap:operation soapAction="/FlightSearch" style="document"/>
      <wsdl:input>
        <soap:body use="literal"/>
      </wsdl:input>
      <wsdl:output>
        <soap:body use="literal"/>
      </wsdl:output>
      <wsdl:fault name="PaxWebServiceException">
        <soap:body use="literal"/>
      </wsdl:fault>
    </wsdl:operation>
    <wsdl:operation name="BookingModifyInquiry">
      <soap:operation soapAction="/BookingModifyInquiry" style="document"/>
      <wsdl:input>
        <soap:body use="literal"/>
      </wsdl:input>
      <wsdl:output>
        <soap:body use="literal"/>
      </wsdl:output>
      <wsdl:fault name="PaxWebServiceException">
        <soap:body use="literal"/>
      </wsdl:fault>
    </wsdl:operation>
    <wsdl:operation name="CalculateServiceCharge">
      <soap:operation soapAction="/CalculateServiceCharge" style="document"/>
      <wsdl:input>
        <soap:body use="literal"/>
      </wsdl:input>
      <wsdl:output>
        <soap:body use="literal"/>
      </wsdl:output>
      <wsdl:fault name="PaxWebServiceException">
        <soap:body use="literal"/>
      </wsdl:fault>
    </wsdl:operation>
    <wsdl:operation name="CateringAvailability">
      <soap:operation soapAction="/CateringAvailability" style="document"/>
      <wsdl:input>
        <soap:body use="literal"/>
      </wsdl:input>
      <wsdl:output>
        <soap:body use="literal"/>
      </wsdl:output>
      <wsdl:fault name="PaxWebServiceException">
        <soap:body use="literal"/>
      </wsdl:fault>
    </wsdl:operation>
    <wsdl:operation name="Availability">
      <soap:operation soapAction="/Availability" style="document"/>
      <wsdl:input>
        <soap:body use="literal"/>
      </wsdl:input>
      <wsdl:output>
        <soap:body use="literal"/>
      </wsdl:output>
      <wsdl:fault name="PaxWebServiceException">
        <soap:body use="literal"/>
      </wsdl:fault>
    </wsdl:operation>
    <wsdl:operation name="CancelReservation">
      <soap:operation soapAction="/CancelReservation" style="document"/>
      <wsdl:input>
        <soap:body use="literal"/>
      </wsdl:input>
      <wsdl:output>
        <soap:body use="literal"/>
      </wsdl:output>
      <wsdl:fault name="PaxWebServiceException">
        <soap:body use="literal"/>
      </wsdl:fault>
    </wsdl:operation>
    <wsdl:operation name="FareDisplay">
      <soap:operation soapAction="/FareDisplay" style="document"/>
      <wsdl:input>
        <soap:body use="literal"/>
      </wsdl:input>
      <wsdl:output>
        <soap:body use="literal"/>
      </wsdl:output>
      <wsdl:fault name="PaxWebServiceException">
        <soap:body use="literal"/>
      </wsdl:fault>
    </wsdl:operation>
    <wsdl:operation name="RetrieveSeatMap">
      <soap:operation soapAction="/RetrieveSeatMap" style="document"/>
      <wsdl:input>
        <soap:body use="literal"/>
      </wsdl:input>
      <wsdl:output>
        <soap:body use="literal"/>
      </wsdl:output>
      <wsdl:fault name="PaxWebServiceException">
        <soap:body use="literal"/>
      </wsdl:fault>
    </wsdl:operation>
    <wsdl:operation name="ReadReservation">
      <soap:operation soapAction="/ReadReservation" style="document"/>
      <wsdl:input>
        <soap:body use="literal"/>
      </wsdl:input>
      <wsdl:output>
        <soap:body use="literal"/>
      </wsdl:output>
      <wsdl:fault name="PaxWebServiceException">
        <soap:body use="literal"/>
      </wsdl:fault>
    </wsdl:operation>
    <wsdl:operation name="Ping">
      <soap:operation soapAction="/Ping" style="document"/>
      <wsdl:input>
        <soap:body use="literal"/>
      </wsdl:input>
      <wsdl:output>
        <soap:body use="literal"/>
      </wsdl:output>
    </wsdl:operation>
    <wsdl:operation name="WBagAvailability">
      <soap:operation soapAction="/WBagAvailability" style="document"/>
      <wsdl:input>
        <soap:body use="literal"/>
      </wsdl:input>
      <wsdl:output>
        <soap:body use="literal"/>
      </wsdl:output>
      <wsdl:fault name="PaxWebServiceException">
        <soap:body use="literal"/>
      </wsdl:fault>
    </wsdl:operation>
  </wsdl:binding>
  <wsdl:binding name="CraneOTAServiceExtendedSOAP12Binding" type="impl:CraneOTAServiceExtendedPortType">
    <soap12:binding transport="http://schemas.xmlsoap.org/soap/http" style="document"/>
    <wsdl:operation name="TicketReservation">
      <soap12:operation soapAction="/TicketReservation" style="document"/>
      <wsdl:input>
        <soap12:body use="literal"/>
      </wsdl:input>
      <wsdl:output>
        <soap12:body use="literal"/>
      </wsdl:output>
      <wsdl:fault name="PaxWebServiceException">
        <soap12:fault use="literal" name="PaxWebServiceException"/>
      </wsdl:fault>
    </wsdl:operation>
    <wsdl:operation name="BookingModify">
      <soap12:operation soapAction="/BookingModify" style="document"/>
      <wsdl:input>
        <soap12:body use="literal"/>
      </wsdl:input>
      <wsdl:output>
        <soap12:body use="literal"/>
      </wsdl:output>
      <wsdl:fault name="PaxWebServiceException">
        <soap12:fault use="literal" name="PaxWebServiceException"/>
      </wsdl:fault>
    </wsdl:operation>
    <wsdl:operation name="Booking">
      <soap12:operation soapAction="/Booking" style="document"/>
      <wsdl:input>
        <soap12:body use="literal"/>
      </wsdl:input>
      <wsdl:output>
        <soap12:body use="literal"/>
      </wsdl:output>
      <wsdl:fault name="PaxWebServiceException">
        <soap12:fault use="literal" name="PaxWebServiceException"/>
      </wsdl:fault>
    </wsdl:operation>
    <wsdl:operation name="FlightSearch">
      <soap12:operation soapAction="/FlightSearch" style="document"/>
      <wsdl:input>
        <soap12:body use="literal"/>
      </wsdl:input>
      <wsdl:output>
        <soap12:body use="literal"/>
      </wsdl:output>
      <wsdl:fault name="PaxWebServiceException">
        <soap12:fault use="literal" name="PaxWebServiceException"/>
      </wsdl:fault>
    </wsdl:operation>
    <wsdl:operation name="BookingModifyInquiry">
      <soap12:operation soapAction="/BookingModifyInquiry" style="document"/>
      <wsdl:input>
        <soap12:body use="literal"/>
      </wsdl:input>
      <wsdl:output>
        <soap12:body use="literal"/>
      </wsdl:output>
      <wsdl:fault name="PaxWebServiceException">
        <soap12:fault use="literal" name="PaxWebServiceException"/>
      </wsdl:fault>
    </wsdl:operation>
    <wsdl:operation name="CalculateServiceCharge">
      <soap12:operation soapAction="/CalculateServiceCharge" style="document"/>
      <wsdl:input>
        <soap12:body use="literal"/>
      </wsdl:input>
      <wsdl:output>
        <soap12:body use="literal"/>
      </wsdl:output>
      <wsdl:fault name="PaxWebServiceException">
        <soap12:fault use="literal" name="PaxWebServiceException"/>
      </wsdl:fault>
    </wsdl:operation>
    <wsdl:operation name="CateringAvailability">
      <soap12:operation soapAction="/CateringAvailability" style="document"/>
      <wsdl:input>
        <soap12:body use="literal"/>
      </wsdl:input>
      <wsdl:output>
        <soap12:body use="literal"/>
      </wsdl:output>
      <wsdl:fault name="PaxWebServiceException">
        <soap12:fault use="literal" name="PaxWebServiceException"/>
      </wsdl:fault>
    </wsdl:operation>
    <wsdl:operation name="Availability">
      <soap12:operation soapAction="/Availability" style="document"/>
      <wsdl:input>
        <soap12:body use="literal"/>
      </wsdl:input>
      <wsdl:output>
        <soap12:body use="literal"/>
      </wsdl:output>
      <wsdl:fault name="PaxWebServiceException">
        <soap12:fault use="literal" name="PaxWebServiceException"/>
      </wsdl:fault>
    </wsdl:operation>
    <wsdl:operation name="CancelReservation">
      <soap12:operation soapAction="/CancelReservation" style="document"/>
      <wsdl:input>
        <soap12:body use="literal"/>
      </wsdl:input>
      <wsdl:output>
        <soap12:body use="literal"/>
      </wsdl:output>
      <wsdl:fault name="PaxWebServiceException">
        <soap12:fault use="literal" name="PaxWebServiceException"/>
      </wsdl:fault>
    </wsdl:operation>
    <wsdl:operation name="FareDisplay">
      <soap12:operation soapAction="/FareDisplay" style="document"/>
      <wsdl:input>
        <soap12:body use="literal"/>
      </wsdl:input>
      <wsdl:output>
        <soap12:body use="literal"/>
      </wsdl:output>
      <wsdl:fault name="PaxWebServiceException">
        <soap12:fault use="literal" name="PaxWebServiceException"/>
      </wsdl:fault>
    </wsdl:operation>
    <wsdl:operation name="RetrieveSeatMap">
      <soap12:operation soapAction="/RetrieveSeatMap" style="document"/>
      <wsdl:input>
        <soap12:body use="literal"/>
      </wsdl:input>
      <wsdl:output>
        <soap12:body use="literal"/>
      </wsdl:output>
      <wsdl:fault name="PaxWebServiceException">
        <soap12:fault use="literal" name="PaxWebServiceException"/>
      </wsdl:fault>
    </wsdl:operation>
    <wsdl:operation name="ReadReservation">
      <soap12:operation soapAction="/ReadReservation" style="document"/>
      <wsdl:input>
        <soap12:body use="literal"/>
      </wsdl:input>
      <wsdl:output>
        <soap12:body use="literal"/>
      </wsdl:output>
      <wsdl:fault name="PaxWebServiceException">
        <soap12:fault use="literal" name="PaxWebServiceException"/>
      </wsdl:fault>
    </wsdl:operation>
    <wsdl:operation name="Ping">
      <soap12:operation soapAction="/Ping" style="document"/>
      <wsdl:input>
        <soap12:body use="literal"/>
      </wsdl:input>
      <wsdl:output>
        <soap12:body use="literal"/>
      </wsdl:output>
    </wsdl:operation>
    <wsdl:operation name="WBagAvailability">
      <soap12:operation soapAction="/WBagAvailability" style="document"/>
      <wsdl:input>
        <soap12:body use="literal"/>
      </wsdl:input>
      <wsdl:output>
        <soap12:body use="literal"/>
      </wsdl:output>
      <wsdl:fault name="PaxWebServiceException">
        <soap12:fault use="literal" name="PaxWebServiceException"/>
      </wsdl:fault>
    </wsdl:operation>
  </wsdl:binding>
  <wsdl:binding name="CraneOTAServiceExtendedHttpBinding" type="impl:CraneOTAServiceExtendedPortType">
    <http:binding verb="POST"/>
    <wsdl:operation name="TicketReservation">
      <http:operation location="TicketReservation"/>
      <wsdl:input>
        <mime:content type="text/xml"/>
      </wsdl:input>
      <wsdl:output>
        <mime:content type="text/xml"/>
      </wsdl:output>
    </wsdl:operation>
    <wsdl:operation name="BookingModify">
      <http:operation location="BookingModify"/>
      <wsdl:input>
        <mime:content type="text/xml"/>
      </wsdl:input>
      <wsdl:output>
        <mime:content type="text/xml"/>
      </wsdl:output>
    </wsdl:operation>
    <wsdl:operation name="Booking">
      <http:operation location="Booking"/>
      <wsdl:input>
        <mime:content type="text/xml"/>
      </wsdl:input>
      <wsdl:output>
        <mime:content type="text/xml"/>
      </wsdl:output>
    </wsdl:operation>
    <wsdl:operation name="FlightSearch">
      <http:operation location="FlightSearch"/>
      <wsdl:input>
        <mime:content type="text/xml"/>
      </wsdl:input>
      <wsdl:output>
        <mime:content type="text/xml"/>
      </wsdl:output>
    </wsdl:operation>
    <wsdl:operation name="BookingModifyInquiry">
      <http:operation location="BookingModifyInquiry"/>
      <wsdl:input>
        <mime:content type="text/xml"/>
      </wsdl:input>
      <wsdl:output>
        <mime:content type="text/xml"/>
      </wsdl:output>
    </wsdl:operation>
    <wsdl:operation name="CalculateServiceCharge">
      <http:operation location="CalculateServiceCharge"/>
      <wsdl:input>
        <mime:content type="text/xml"/>
      </wsdl:input>
      <wsdl:output>
        <mime:content type="text/xml"/>
      </wsdl:output>
    </wsdl:operation>
    <wsdl:operation name="CateringAvailability">
      <http:operation location="CateringAvailability"/>
      <wsdl:input>
        <mime:content type="text/xml"/>
      </wsdl:input>
      <wsdl:output>
        <mime:content type="text/xml"/>
      </wsdl:output>
    </wsdl:operation>
    <wsdl:operation name="Availability">
      <http:operation location="Availability"/>
      <wsdl:input>
        <mime:content type="text/xml"/>
      </wsdl:input>
      <wsdl:output>
        <mime:content type="text/xml"/>
      </wsdl:output>
    </wsdl:operation>
    <wsdl:operation name="CancelReservation">
      <http:operation location="CancelReservation"/>
      <wsdl:input>
        <mime:content type="text/xml"/>
      </wsdl:input>
      <wsdl:output>
        <mime:content type="text/xml"/>
      </wsdl:output>
    </wsdl:operation>
    <wsdl:operation name="FareDisplay">
      <http:operation location="FareDisplay"/>
      <wsdl:input>
        <mime:content type="text/xml"/>
      </wsdl:input>
      <wsdl:output>
        <mime:content type="text/xml"/>
      </wsdl:output>
    </wsdl:operation>
    <wsdl:operation name="RetrieveSeatMap">
      <http:operation location="RetrieveSeatMap"/>
      <wsdl:input>
        <mime:content type="text/xml"/>
      </wsdl:input>
      <wsdl:output>
        <mime:content type="text/xml"/>
      </wsdl:output>
    </wsdl:operation>
    <wsdl:operation name="ReadReservation">
      <http:operation location="ReadReservation"/>
      <wsdl:input>
        <mime:content type="text/xml"/>
      </wsdl:input>
      <wsdl:output>
        <mime:content type="text/xml"/>
      </wsdl:output>
    </wsdl:operation>
    <wsdl:operation name="Ping">
      <http:operation location="Ping"/>
      <wsdl:input>
        <mime:content type="text/xml"/>
      </wsdl:input>
      <wsdl:output>
        <mime:content type="text/xml"/>
      </wsdl:output>
    </wsdl:operation>
    <wsdl:operation name="WBagAvailability">
      <http:operation location="WBagAvailability"/>
      <wsdl:input>
        <mime:content type="text/xml"/>
      </wsdl:input>
      <wsdl:output>
        <mime:content type="text/xml"/>
      </wsdl:output>
    </wsdl:operation>
  </wsdl:binding>
  <wsdl:service name="CraneOTAServiceExtended">
    <wsdl:port name="CraneOTAServiceExtendedSOAP11port_http" binding="impl:CraneOTAServiceExtendedSOAP11Binding">
      <soap:address location="http://sxs-stage.crane.aero:80/axis2/services/CraneOTAServiceExtended"/>
    </wsdl:port>
    <wsdl:port name="CraneOTAServiceExtendedSOAP12port_http" binding="impl:CraneOTAServiceExtendedSOAP12Binding">
      <soap12:address location="http://sxs-stage.crane.aero:80/axis2/services/CraneOTAServiceExtended"/>
    </wsdl:port>
    <wsdl:port name="CraneOTAServiceExtendedHttpport1" binding="impl:CraneOTAServiceExtendedHttpBinding">
      <http:address location="http://sxs-stage.crane.aero:80/axis2/rest/CraneOTAServiceExtended"/>
    </wsdl:port>
  </wsdl:service>
</wsdl:definitions>]]></con:content><con:type>http://schemas.xmlsoap.org/wsdl/</con:type></con:part></con:definitionCache><con:endpoints><con:endpoint>http://sxs-stage.crane.aero:80/axis2/services/CraneOTAServiceExtended</con:endpoint></con:endpoints><con:operation isOneWay="false" action="/Availability" name="Availability" bindingOperationName="Availability" type="Request-Response" inputName="" receivesAttachments="false" sendsAttachments="false" anonymous="optional"><con:settings/><con:call name="Request 1"><con:settings><con:setting id="com.eviware.soapui.impl.wsdl.WsdlRequest@request-headers">&lt;xml-fragment/></con:setting></con:settings><con:encoding>UTF-8</con:encoding><con:endpoint>http://sxs-stage.crane.aero:80/axis2/services/CraneOTAServiceExtended</con:endpoint><con:request><![CDATA[<soapenv:Envelope xmlns:soapenv="http://schemas.xmlsoap.org/soap/envelope/" xmlns:otab="http://otabase.otapax.otaxmlws/" xmlns:ota="http://ota.paxws.otaxmlws/" xmlns:typ="http://types.paxws.otaxmlws/">
   <soapenv:Header/>
   <soapenv:Body>
      <otab:OTA_AirAvailRQ DirectFlightsOnly="1" PrimaryLangID="1" SequenceNmbr="1234">
         <ota:POS>
            <typ:Source agentSine="0" isoCountry="TR" isoCurrency="TRY">
               <typ:RequestorID id="1" type="?" url="1"/>
               <typ:BookingChannel Primary="1" Type="1"/>
            </typ:Source>
         </ota:POS>
         <ota:OriginDestinationInformation>
            <typ:DepartureDateTime>2016-08-15</typ:DepartureDateTime>
            <typ:OriginLocation LocationCode="AYT"/>
            <typ:DestinationLocation LocationCode="ADB"/>
         </ota:OriginDestinationInformation>
         <ota:TravelPreferences MaxStopsQuantity="1">
            <typ:FlightTypePref FlightType="?" PreferLevel="1"/>
            <typ:EquipPref AirEquipType="?"/>
            <typ:CabinPref Cabin="Y" PreferLevel="T"/>
            <typ:TicketDistribPref DistribType="1" PreferLevel="1"/>
            <typ:BookingClassPref ResBookDesigCode="2"/>
         </ota:TravelPreferences>
         <ota:TravelerInfoSummary>
            <typ:AirTravelerAvail>
               <!--Zero or more repetitions:-->
               <typ:PassengerTypeQuantity Code="ADT" Quantity="1"/>
               <typ:temp>?</typ:temp>
            </typ:AirTravelerAvail>
         </ota:TravelerInfoSummary>
      </otab:OTA_AirAvailRQ>
   </soapenv:Body>
</soapenv:Envelope>]]></con:request><con:credentials><con:username>NUANSXML</con:username><con:password>RT1CQ8</con:password></con:credentials><con:jmsConfig JMSDeliveryMode="PERSISTENT"/><con:jmsPropertyConfig/><con:wsaConfig mustUnderstand="NONE" version="200508" action="/Availability"/><con:wsrmConfig version="1.2"/></con:call><con:call name="Request 2"><con:settings><con:setting id="com.eviware.soapui.impl.wsdl.WsdlRequest@request-headers">&lt;xml-fragment/></con:setting></con:settings><con:encoding>UTF-8</con:encoding><con:endpoint>http://sxs-stage.crane.aero:80/axis2/services/CraneOTAServiceExtended</con:endpoint><con:request><![CDATA[<soapenv:Envelope xmlns:soapenv="http://schemas.xmlsoap.org/soap/envelope/" xmlns:otab="http://otabase.otapax.otaxmlws/" xmlns:ota="http://ota.paxws.otaxmlws/" xmlns:typ="http://types.paxws.otaxmlws/">
   <soapenv:Header/>
   <soapenv:Body>
      <otab:OTA_AirAvailRQ DirectFlightsOnly="1" PrimaryLangID="1" SequenceNmbr="1234">
         <ota:POS>
            <typ:Source agentSine="0" isoCountry="TR" isoCurrency="TRY">
               <typ:RequestorID id="1" type="?" url="1"/>
               <typ:BookingChannel Primary="1" Type="1"/>
            </typ:Source>
         </ota:POS>
         <ota:OriginDestinationInformation>
            <typ:DepartureDateTime>2016-08-15</typ:DepartureDateTime>
            <typ:OriginLocation LocationCode="AYT"/>
            <typ:DestinationLocation LocationCode="ADB"/>
         </ota:OriginDestinationInformation>
         <ota:TravelPreferences MaxStopsQuantity="1">
            <typ:FlightTypePref FlightType="?" PreferLevel="1"/>
            <typ:EquipPref AirEquipType="?"/>
            <typ:CabinPref Cabin="Y" PreferLevel="T"/>
            <typ:TicketDistribPref DistribType="1" PreferLevel="1"/>
            <typ:BookingClassPref ResBookDesigCode="2"/>
         </ota:TravelPreferences>
         <ota:TravelerInfoSummary>
            <typ:AirTravelerAvail>
               <!--Zero or more repetitions:-->
               <typ:PassengerTypeQuantity Code="ADT" Quantity="1"/>
               <typ:temp>?</typ:temp>
            </typ:AirTravelerAvail>
         </ota:TravelerInfoSummary>
      </otab:OTA_AirAvailRQ>
   </soapenv:Body>
</soapenv:Envelope>]]></con:request><con:credentials><con:username>NUANSXML</con:username><con:password>RT1CQ8</con:password></con:credentials><con:jmsConfig JMSDeliveryMode="PERSISTENT"/><con:jmsPropertyConfig/><con:wsaConfig mustUnderstand="NONE" version="200508" action="/Availability"/><con:wsrmConfig version="1.2"/></con:call></con:operation><con:operation isOneWay="false" action="/Booking" name="Booking" bindingOperationName="Booking" type="Request-Response" inputName="" receivesAttachments="false" sendsAttachments="false" anonymous="optional"><con:settings/><con:call name="Request 1"><con:settings/><con:encoding>UTF-8</con:encoding><con:endpoint>http://sxs-stage.crane.aero:80/axis2/services/CraneOTAServiceExtended</con:endpoint><con:request><![CDATA[<soapenv:Envelope xmlns:soapenv="http://schemas.xmlsoap.org/soap/envelope/" xmlns:otab="http://otabase.otapax.otaxmlws/" xmlns:ota="http://ota.paxws.otaxmlws/" xmlns:typ="http://types.paxws.otaxmlws/">
   <soapenv:Header/>
   <soapenv:Body>
      <otab:OTA_AirBookRQ SequenceNmbr="?" TimeStamp="?" ExtTransactionID="?">
         <ota:POS>
            <typ:Source agentSine="?" isoCountry="?" isoCurrency="?">
               <typ:RequestorID id="?" type="?" url="?"/>
               <typ:BookingChannel Primary="?" Type="?"/>
            </typ:Source>
         </ota:POS>
         <ota:AirItinerary DirectionInd="?">
            <typ:OriginDestinationOptions>
               <!--Zero or more repetitions:-->
               <typ:OriginDestinationOption>
                  <!--Zero or more repetitions:-->
                  <typ:FlightSegment ArrivalDateTime="?" DepartureDateTime="?" FlightNumber="?" JourneyDuration="?" OnTimeRate="?" ResBookDesigCode="?" ResBookDesigID="?" StopQuantity="?" Ticket="?" RPH="?" Status="?">
                     <typ:DepartureAirport LocationCode="?"/>
                     <typ:ArrivalAirport LocationCode="?"/>
                     <typ:Equipment AirEquipType="?" ChangeofGauge="?"/>
                     <typ:MarkettingAirline CompanyShortName="?"/>
                     <!--Zero or more repetitions:-->
                     <typ:MarketingCabin RPH="?" CabinType="?">
                        <typ:Meal>?</typ:Meal>
                     </typ:MarketingCabin>
                     <!--Zero or more repetitions:-->
                     <typ:BookingClassAvail RPH="?" CabinType="?" ResBookDesigCode="?" ResBookDesigQuantity="?"/>
                     <typ:comment>?</typ:comment>
                     <!--Optional:-->
                     <typ:MarriageGrp>?</typ:MarriageGrp>
                  </typ:FlightSegment>
                  <typ:dummy>?</typ:dummy>
               </typ:OriginDestinationOption>
               <typ:dummy>?</typ:dummy>
            </typ:OriginDestinationOptions>
         </ota:AirItinerary>
         <ota:TravelerInfo>
            <!--Zero or more repetitions:-->
            <typ:AirTraveler PassengerTypeCode="?" TicketNumber="?" FlightRefNumberRPHList="?" TravelerRefNumberRPHList="?">
               <typ:ProfileRef>
                  <typ:UniqueID ID="?" URL="?" Instance="?" Type="?"/>
               </typ:ProfileRef>
               <typ:PersonName>
                  <typ:NamePrefix>?</typ:NamePrefix>
                  <typ:GivenName>?</typ:GivenName>
                  <typ:Surname>?</typ:Surname>
                  <typ:NameTitle>?</typ:NameTitle>
               </typ:PersonName>
               <typ:Telephone AreaCityCode="?" PhoneNumber="?"/>
               <typ:Email>?</typ:Email>
               <typ:Document BirthDate="?" DocID="?" DocIssueAuthority="?" DocIssueLocation="?" DocType="?" EffectiveDate="?" ExpireDate="?" Gender="?">
                  <typ:DocHolderName>?</typ:DocHolderName>
               </typ:Document>
            </typ:AirTraveler>
            <!--Zero or more repetitions:-->
            <typ:SpecialReqDetails>
               <typ:SeatRequests>
                  <!--Zero or more repetitions:-->
                  <ota:item FlightRefNumberRPHList="?" SeatNumber="?" TravelerRefNumberRPHList="?"/>
               </typ:SeatRequests>
               <typ:SpecialServiceRequests>
                  <!--Zero or more repetitions:-->
                  <typ:SpecialServiceRequest SSRCode="?" FlightRefNumberRPHList="?" TravelerRefNumberRPHList="?">
                     <typ:Airline>?</typ:Airline>
                     <typ:text>?</typ:text>
                  </typ:SpecialServiceRequest>
                  <typ:dummy>?</typ:dummy>
               </typ:SpecialServiceRequests>
            </typ:SpecialReqDetails>
         </ota:TravelerInfo>
         <ota:Ticketing TicketType="?"/>
      </otab:OTA_AirBookRQ>
   </soapenv:Body>
</soapenv:Envelope>]]></con:request><con:wsaConfig mustUnderstand="NONE" version="200508" action="/Booking"/></con:call></con:operation><con:operation isOneWay="false" action="/BookingModify" name="BookingModify" bindingOperationName="BookingModify" type="Request-Response" inputName="" receivesAttachments="false" sendsAttachments="false" anonymous="optional"><con:settings/><con:call name="Request 1"><con:settings/><con:encoding>UTF-8</con:encoding><con:endpoint>http://sxs-stage.crane.aero:80/axis2/services/CraneOTAServiceExtended</con:endpoint><con:request><![CDATA[<soapenv:Envelope xmlns:soapenv="http://schemas.xmlsoap.org/soap/envelope/" xmlns:otab="http://otabase.otapax.otaxmlws/" xmlns:ota="http://ota.paxws.otaxmlws/" xmlns:typ="http://types.paxws.otaxmlws/">
   <soapenv:Header/>
   <soapenv:Body>
      <otab:OTA_AirBookModifyRQ>
         <ota:POS>
            <typ:Source agentSine="?" isoCountry="?" isoCurrency="?">
               <typ:RequestorID id="?" type="?" url="?"/>
               <typ:BookingChannel Primary="?" Type="?"/>
            </typ:Source>
         </ota:POS>
         <ota:AirBookModifyRQ TotalFare="?" TotalTaxes="?" TotalAmount="?" Currency="?" ModificationType="?">
            <typ:AirItinerary DirectionInd="?">
               <typ:OriginDestinationOptions>
                  <!--Zero or more repetitions:-->
                  <typ:OriginDestinationOption>
                     <!--Zero or more repetitions:-->
                     <typ:FlightSegment ArrivalDateTime="?" DepartureDateTime="?" FlightNumber="?" JourneyDuration="?" OnTimeRate="?" ResBookDesigCode="?" ResBookDesigID="?" StopQuantity="?" Ticket="?" RPH="?" Status="?">
                        <typ:DepartureAirport LocationCode="?"/>
                        <typ:ArrivalAirport LocationCode="?"/>
                        <typ:Equipment AirEquipType="?" ChangeofGauge="?"/>
                        <typ:MarkettingAirline CompanyShortName="?"/>
                        <!--Zero or more repetitions:-->
                        <typ:MarketingCabin RPH="?" CabinType="?">
                           <typ:Meal>?</typ:Meal>
                        </typ:MarketingCabin>
                        <!--Zero or more repetitions:-->
                        <typ:BookingClassAvail RPH="?" CabinType="?" ResBookDesigCode="?" ResBookDesigQuantity="?"/>
                        <typ:comment>?</typ:comment>
                        <!--Optional:-->
                        <typ:MarriageGrp>?</typ:MarriageGrp>
                     </typ:FlightSegment>
                     <typ:dummy>?</typ:dummy>
                  </typ:OriginDestinationOption>
                  <typ:dummy>?</typ:dummy>
               </typ:OriginDestinationOptions>
            </typ:AirItinerary>
            <typ:TravelerInfo>
               <!--Zero or more repetitions:-->
               <typ:AirTraveler PassengerTypeCode="?" TicketNumber="?" FlightRefNumberRPHList="?" TravelerRefNumberRPHList="?">
                  <typ:ProfileRef>
                     <typ:UniqueID ID="?" URL="?" Instance="?" Type="?"/>
                  </typ:ProfileRef>
                  <typ:PersonName>
                     <typ:NamePrefix>?</typ:NamePrefix>
                     <typ:GivenName>?</typ:GivenName>
                     <typ:Surname>?</typ:Surname>
                     <typ:NameTitle>?</typ:NameTitle>
                  </typ:PersonName>
                  <typ:Telephone AreaCityCode="?" PhoneNumber="?"/>
                  <typ:Email>?</typ:Email>
                  <typ:Document BirthDate="?" DocID="?" DocIssueAuthority="?" DocIssueLocation="?" DocType="?" EffectiveDate="?" ExpireDate="?" Gender="?">
                     <typ:DocHolderName>?</typ:DocHolderName>
                  </typ:Document>
               </typ:AirTraveler>
               <!--Zero or more repetitions:-->
               <typ:SpecialReqDetails>
                  <typ:SeatRequests>
                     <!--Zero or more repetitions:-->
                     <ota:item FlightRefNumberRPHList="?" SeatNumber="?" TravelerRefNumberRPHList="?"/>
                  </typ:SeatRequests>
                  <typ:SpecialServiceRequests>
                     <!--Zero or more repetitions:-->
                     <typ:SpecialServiceRequest SSRCode="?" FlightRefNumberRPHList="?" TravelerRefNumberRPHList="?">
                        <typ:Airline>?</typ:Airline>
                        <typ:text>?</typ:text>
                     </typ:SpecialServiceRequest>
                     <typ:dummy>?</typ:dummy>
                  </typ:SpecialServiceRequests>
               </typ:SpecialReqDetails>
            </typ:TravelerInfo>
            <typ:BookingReferenceID ID="?" Type="?" TicketTimeLimit="?">
               <typ:CompanyName Code="?"/>
            </typ:BookingReferenceID>
         </ota:AirBookModifyRQ>
         <!--Optional:-->
         <ota:AirReservation TotalFare="?" TotalTaxes="?" TotalAmount="?" Currency="?">
            <typ:AirItinerary DirectionInd="?">
               <typ:OriginDestinationOptions>
                  <!--Zero or more repetitions:-->
                  <typ:OriginDestinationOption>
                     <!--Zero or more repetitions:-->
                     <typ:FlightSegment ArrivalDateTime="?" DepartureDateTime="?" FlightNumber="?" JourneyDuration="?" OnTimeRate="?" ResBookDesigCode="?" ResBookDesigID="?" StopQuantity="?" Ticket="?" RPH="?" Status="?">
                        <typ:DepartureAirport LocationCode="?"/>
                        <typ:ArrivalAirport LocationCode="?"/>
                        <typ:Equipment AirEquipType="?" ChangeofGauge="?"/>
                        <typ:MarkettingAirline CompanyShortName="?"/>
                        <!--Zero or more repetitions:-->
                        <typ:MarketingCabin RPH="?" CabinType="?">
                           <typ:Meal>?</typ:Meal>
                        </typ:MarketingCabin>
                        <!--Zero or more repetitions:-->
                        <typ:BookingClassAvail RPH="?" CabinType="?" ResBookDesigCode="?" ResBookDesigQuantity="?"/>
                        <typ:comment>?</typ:comment>
                        <!--Optional:-->
                        <typ:MarriageGrp>?</typ:MarriageGrp>
                     </typ:FlightSegment>
                     <typ:dummy>?</typ:dummy>
                  </typ:OriginDestinationOption>
                  <typ:dummy>?</typ:dummy>
               </typ:OriginDestinationOptions>
            </typ:AirItinerary>
            <typ:TravelerInfo>
               <!--Zero or more repetitions:-->
               <typ:AirTraveler PassengerTypeCode="?" TicketNumber="?" FlightRefNumberRPHList="?" TravelerRefNumberRPHList="?">
                  <typ:ProfileRef>
                     <typ:UniqueID ID="?" URL="?" Instance="?" Type="?"/>
                  </typ:ProfileRef>
                  <typ:PersonName>
                     <typ:NamePrefix>?</typ:NamePrefix>
                     <typ:GivenName>?</typ:GivenName>
                     <typ:Surname>?</typ:Surname>
                     <typ:NameTitle>?</typ:NameTitle>
                  </typ:PersonName>
                  <typ:Telephone AreaCityCode="?" PhoneNumber="?"/>
                  <typ:Email>?</typ:Email>
                  <typ:Document BirthDate="?" DocID="?" DocIssueAuthority="?" DocIssueLocation="?" DocType="?" EffectiveDate="?" ExpireDate="?" Gender="?">
                     <typ:DocHolderName>?</typ:DocHolderName>
                  </typ:Document>
               </typ:AirTraveler>
               <!--Zero or more repetitions:-->
               <typ:SpecialReqDetails>
                  <typ:SeatRequests>
                     <!--Zero or more repetitions:-->
                     <ota:item FlightRefNumberRPHList="?" SeatNumber="?" TravelerRefNumberRPHList="?"/>
                  </typ:SeatRequests>
                  <typ:SpecialServiceRequests>
                     <!--Zero or more repetitions:-->
                     <typ:SpecialServiceRequest SSRCode="?" FlightRefNumberRPHList="?" TravelerRefNumberRPHList="?">
                        <typ:Airline>?</typ:Airline>
                        <typ:text>?</typ:text>
                     </typ:SpecialServiceRequest>
                     <typ:dummy>?</typ:dummy>
                  </typ:SpecialServiceRequests>
               </typ:SpecialReqDetails>
            </typ:TravelerInfo>
            <typ:BookingReferenceID ID="?" Type="?" TicketTimeLimit="?">
               <typ:CompanyName Code="?"/>
            </typ:BookingReferenceID>
         </ota:AirReservation>
      </otab:OTA_AirBookModifyRQ>
   </soapenv:Body>
</soapenv:Envelope>]]></con:request><con:wsaConfig mustUnderstand="NONE" version="200508" action="/BookingModify"/></con:call></con:operation><con:operation isOneWay="false" action="/BookingModifyInquiry" name="BookingModifyInquiry" bindingOperationName="BookingModifyInquiry" type="Request-Response" inputName="" receivesAttachments="false" sendsAttachments="false" anonymous="optional"><con:settings/><con:call name="Request 1"><con:settings/><con:encoding>UTF-8</con:encoding><con:endpoint>http://sxs-stage.crane.aero:80/axis2/services/CraneOTAServiceExtended</con:endpoint><con:request><![CDATA[<soapenv:Envelope xmlns:soapenv="http://schemas.xmlsoap.org/soap/envelope/" xmlns:otab="http://otabase.otapax.otaxmlws/" xmlns:ota="http://ota.paxws.otaxmlws/" xmlns:typ="http://types.paxws.otaxmlws/">
   <soapenv:Header/>
   <soapenv:Body>
      <otab:OTA_AirBookModifyRQ>
         <ota:POS>
            <typ:Source agentSine="?" isoCountry="?" isoCurrency="?">
               <typ:RequestorID id="?" type="?" url="?"/>
               <typ:BookingChannel Primary="?" Type="?"/>
            </typ:Source>
         </ota:POS>
         <ota:AirBookModifyRQ TotalFare="?" TotalTaxes="?" TotalAmount="?" Currency="?" ModificationType="?">
            <typ:AirItinerary DirectionInd="?">
               <typ:OriginDestinationOptions>
                  <!--Zero or more repetitions:-->
                  <typ:OriginDestinationOption>
                     <!--Zero or more repetitions:-->
                     <typ:FlightSegment ArrivalDateTime="?" DepartureDateTime="?" FlightNumber="?" JourneyDuration="?" OnTimeRate="?" ResBookDesigCode="?" ResBookDesigID="?" StopQuantity="?" Ticket="?" RPH="?" Status="?">
                        <typ:DepartureAirport LocationCode="?"/>
                        <typ:ArrivalAirport LocationCode="?"/>
                        <typ:Equipment AirEquipType="?" ChangeofGauge="?"/>
                        <typ:MarkettingAirline CompanyShortName="?"/>
                        <!--Zero or more repetitions:-->
                        <typ:MarketingCabin RPH="?" CabinType="?">
                           <typ:Meal>?</typ:Meal>
                        </typ:MarketingCabin>
                        <!--Zero or more repetitions:-->
                        <typ:BookingClassAvail RPH="?" CabinType="?" ResBookDesigCode="?" ResBookDesigQuantity="?"/>
                        <typ:comment>?</typ:comment>
                        <!--Optional:-->
                        <typ:MarriageGrp>?</typ:MarriageGrp>
                     </typ:FlightSegment>
                     <typ:dummy>?</typ:dummy>
                  </typ:OriginDestinationOption>
                  <typ:dummy>?</typ:dummy>
               </typ:OriginDestinationOptions>
            </typ:AirItinerary>
            <typ:TravelerInfo>
               <!--Zero or more repetitions:-->
               <typ:AirTraveler PassengerTypeCode="?" TicketNumber="?" FlightRefNumberRPHList="?" TravelerRefNumberRPHList="?">
                  <typ:ProfileRef>
                     <typ:UniqueID ID="?" URL="?" Instance="?" Type="?"/>
                  </typ:ProfileRef>
                  <typ:PersonName>
                     <typ:NamePrefix>?</typ:NamePrefix>
                     <typ:GivenName>?</typ:GivenName>
                     <typ:Surname>?</typ:Surname>
                     <typ:NameTitle>?</typ:NameTitle>
                  </typ:PersonName>
                  <typ:Telephone AreaCityCode="?" PhoneNumber="?"/>
                  <typ:Email>?</typ:Email>
                  <typ:Document BirthDate="?" DocID="?" DocIssueAuthority="?" DocIssueLocation="?" DocType="?" EffectiveDate="?" ExpireDate="?" Gender="?">
                     <typ:DocHolderName>?</typ:DocHolderName>
                  </typ:Document>
               </typ:AirTraveler>
               <!--Zero or more repetitions:-->
               <typ:SpecialReqDetails>
                  <typ:SeatRequests>
                     <!--Zero or more repetitions:-->
                     <ota:item FlightRefNumberRPHList="?" SeatNumber="?" TravelerRefNumberRPHList="?"/>
                  </typ:SeatRequests>
                  <typ:SpecialServiceRequests>
                     <!--Zero or more repetitions:-->
                     <typ:SpecialServiceRequest SSRCode="?" FlightRefNumberRPHList="?" TravelerRefNumberRPHList="?">
                        <typ:Airline>?</typ:Airline>
                        <typ:text>?</typ:text>
                     </typ:SpecialServiceRequest>
                     <typ:dummy>?</typ:dummy>
                  </typ:SpecialServiceRequests>
               </typ:SpecialReqDetails>
            </typ:TravelerInfo>
            <typ:BookingReferenceID ID="?" Type="?" TicketTimeLimit="?">
               <typ:CompanyName Code="?"/>
            </typ:BookingReferenceID>
         </ota:AirBookModifyRQ>
         <!--Optional:-->
         <ota:AirReservation TotalFare="?" TotalTaxes="?" TotalAmount="?" Currency="?">
            <typ:AirItinerary DirectionInd="?">
               <typ:OriginDestinationOptions>
                  <!--Zero or more repetitions:-->
                  <typ:OriginDestinationOption>
                     <!--Zero or more repetitions:-->
                     <typ:FlightSegment ArrivalDateTime="?" DepartureDateTime="?" FlightNumber="?" JourneyDuration="?" OnTimeRate="?" ResBookDesigCode="?" ResBookDesigID="?" StopQuantity="?" Ticket="?" RPH="?" Status="?">
                        <typ:DepartureAirport LocationCode="?"/>
                        <typ:ArrivalAirport LocationCode="?"/>
                        <typ:Equipment AirEquipType="?" ChangeofGauge="?"/>
                        <typ:MarkettingAirline CompanyShortName="?"/>
                        <!--Zero or more repetitions:-->
                        <typ:MarketingCabin RPH="?" CabinType="?">
                           <typ:Meal>?</typ:Meal>
                        </typ:MarketingCabin>
                        <!--Zero or more repetitions:-->
                        <typ:BookingClassAvail RPH="?" CabinType="?" ResBookDesigCode="?" ResBookDesigQuantity="?"/>
                        <typ:comment>?</typ:comment>
                        <!--Optional:-->
                        <typ:MarriageGrp>?</typ:MarriageGrp>
                     </typ:FlightSegment>
                     <typ:dummy>?</typ:dummy>
                  </typ:OriginDestinationOption>
                  <typ:dummy>?</typ:dummy>
               </typ:OriginDestinationOptions>
            </typ:AirItinerary>
            <typ:TravelerInfo>
               <!--Zero or more repetitions:-->
               <typ:AirTraveler PassengerTypeCode="?" TicketNumber="?" FlightRefNumberRPHList="?" TravelerRefNumberRPHList="?">
                  <typ:ProfileRef>
                     <typ:UniqueID ID="?" URL="?" Instance="?" Type="?"/>
                  </typ:ProfileRef>
                  <typ:PersonName>
                     <typ:NamePrefix>?</typ:NamePrefix>
                     <typ:GivenName>?</typ:GivenName>
                     <typ:Surname>?</typ:Surname>
                     <typ:NameTitle>?</typ:NameTitle>
                  </typ:PersonName>
                  <typ:Telephone AreaCityCode="?" PhoneNumber="?"/>
                  <typ:Email>?</typ:Email>
                  <typ:Document BirthDate="?" DocID="?" DocIssueAuthority="?" DocIssueLocation="?" DocType="?" EffectiveDate="?" ExpireDate="?" Gender="?">
                     <typ:DocHolderName>?</typ:DocHolderName>
                  </typ:Document>
               </typ:AirTraveler>
               <!--Zero or more repetitions:-->
               <typ:SpecialReqDetails>
                  <typ:SeatRequests>
                     <!--Zero or more repetitions:-->
                     <ota:item FlightRefNumberRPHList="?" SeatNumber="?" TravelerRefNumberRPHList="?"/>
                  </typ:SeatRequests>
                  <typ:SpecialServiceRequests>
                     <!--Zero or more repetitions:-->
                     <typ:SpecialServiceRequest SSRCode="?" FlightRefNumberRPHList="?" TravelerRefNumberRPHList="?">
                        <typ:Airline>?</typ:Airline>
                        <typ:text>?</typ:text>
                     </typ:SpecialServiceRequest>
                     <typ:dummy>?</typ:dummy>
                  </typ:SpecialServiceRequests>
               </typ:SpecialReqDetails>
            </typ:TravelerInfo>
            <typ:BookingReferenceID ID="?" Type="?" TicketTimeLimit="?">
               <typ:CompanyName Code="?"/>
            </typ:BookingReferenceID>
         </ota:AirReservation>
      </otab:OTA_AirBookModifyRQ>
   </soapenv:Body>
</soapenv:Envelope>]]></con:request><con:wsaConfig mustUnderstand="NONE" version="200508" action="/BookingModifyInquiry"/></con:call></con:operation><con:operation isOneWay="false" action="/CalculateServiceCharge" name="CalculateServiceCharge" bindingOperationName="CalculateServiceCharge" type="Request-Response" inputName="" receivesAttachments="false" sendsAttachments="false" anonymous="optional"><con:settings/><con:call name="Request 1"><con:settings/><con:encoding>UTF-8</con:encoding><con:endpoint>http://sxs-stage.crane.aero:80/axis2/services/CraneOTAServiceExtended</con:endpoint><con:request><![CDATA[<soapenv:Envelope xmlns:soapenv="http://schemas.xmlsoap.org/soap/envelope/" xmlns:otab="http://otabase.otapax.otaxmlws/" xmlns:ota="http://ota.paxws.otaxmlws/" xmlns:typ="http://types.paxws.otaxmlws/">
   <soapenv:Header/>
   <soapenv:Body>
      <otab:OTA_ServiceChargeRQ>
         <ota:POS>
            <typ:Source agentSine="?" isoCountry="?" isoCurrency="?">
               <typ:RequestorID id="?" type="?" url="?"/>
               <typ:BookingChannel Primary="?" Type="?"/>
            </typ:Source>
         </ota:POS>
         <ota:AirItinerary DirectionInd="?">
            <typ:OriginDestinationOptions>
               <!--Zero or more repetitions:-->
               <typ:OriginDestinationOption>
                  <!--Zero or more repetitions:-->
                  <typ:FlightSegment ArrivalDateTime="?" DepartureDateTime="?" FlightNumber="?" JourneyDuration="?" OnTimeRate="?" ResBookDesigCode="?" ResBookDesigID="?" StopQuantity="?" Ticket="?" RPH="?" Status="?">
                     <typ:DepartureAirport LocationCode="?"/>
                     <typ:ArrivalAirport LocationCode="?"/>
                     <typ:Equipment AirEquipType="?" ChangeofGauge="?"/>
                     <typ:MarkettingAirline CompanyShortName="?"/>
                     <!--Zero or more repetitions:-->
                     <typ:MarketingCabin RPH="?" CabinType="?">
                        <typ:Meal>?</typ:Meal>
                     </typ:MarketingCabin>
                     <!--Zero or more repetitions:-->
                     <typ:BookingClassAvail RPH="?" CabinType="?" ResBookDesigCode="?" ResBookDesigQuantity="?"/>
                     <typ:comment>?</typ:comment>
                     <!--Optional:-->
                     <typ:MarriageGrp>?</typ:MarriageGrp>
                  </typ:FlightSegment>
                  <typ:dummy>?</typ:dummy>
               </typ:OriginDestinationOption>
               <typ:dummy>?</typ:dummy>
            </typ:OriginDestinationOptions>
         </ota:AirItinerary>
         <ota:AdultCount>?</ota:AdultCount>
         <ota:ChildCount>?</ota:ChildCount>
         <ota:InfantCount>?</ota:InfantCount>
      </otab:OTA_ServiceChargeRQ>
   </soapenv:Body>
</soapenv:Envelope>]]></con:request><con:wsaConfig mustUnderstand="NONE" version="200508" action="/CalculateServiceCharge"/></con:call></con:operation><con:operation isOneWay="false" action="/CancelReservation" name="CancelReservation" bindingOperationName="CancelReservation" type="Request-Response" inputName="" receivesAttachments="false" sendsAttachments="false" anonymous="optional"><con:settings/><con:call name="Request 1"><con:settings/><con:encoding>UTF-8</con:encoding><con:endpoint>http://sxs-stage.crane.aero:80/axis2/services/CraneOTAServiceExtended</con:endpoint><con:request><![CDATA[<soapenv:Envelope xmlns:soapenv="http://schemas.xmlsoap.org/soap/envelope/" xmlns:otab="http://otabase.otapax.otaxmlws/" xmlns:ota="http://ota.paxws.otaxmlws/" xmlns:typ="http://types.paxws.otaxmlws/">
   <soapenv:Header/>
   <soapenv:Body>
      <otab:OTA_CancelRQ SequenceNmbr="?" TimeStamp="?" CancelType="?">
         <ota:POS>
            <typ:Source agentSine="?" isoCountry="?" isoCurrency="?">
               <typ:RequestorID id="?" type="?" url="?"/>
               <typ:BookingChannel Primary="?" Type="?"/>
            </typ:Source>
         </ota:POS>
         <!--1 or more repetitions:-->
         <ota:UniqueID ID="?">
            <typ:CompanyName Code="?"/>
         </ota:UniqueID>
      </otab:OTA_CancelRQ>
   </soapenv:Body>
</soapenv:Envelope>]]></con:request><con:wsaConfig mustUnderstand="NONE" version="200508" action="/CancelReservation"/></con:call></con:operation><con:operation isOneWay="false" action="/CateringAvailability" name="CateringAvailability" bindingOperationName="CateringAvailability" type="Request-Response" inputName="" receivesAttachments="false" sendsAttachments="false" anonymous="optional"><con:settings/><con:call name="Request 1"><con:settings/><con:encoding>UTF-8</con:encoding><con:endpoint>http://sxs-stage.crane.aero:80/axis2/services/CraneOTAServiceExtended</con:endpoint><con:request><![CDATA[<soapenv:Envelope xmlns:soapenv="http://schemas.xmlsoap.org/soap/envelope/" xmlns:otab="http://otabase.otapax.otaxmlws/" xmlns:ota="http://ota.paxws.otaxmlws/" xmlns:typ="http://types.paxws.otaxmlws/">
   <soapenv:Header/>
   <soapenv:Body>
      <otab:OTA_CateringAvailRQ>
         <ota:POS>
            <typ:Source agentSine="?" isoCountry="?" isoCurrency="?">
               <typ:RequestorID id="?" type="?" url="?"/>
               <typ:BookingChannel Primary="?" Type="?"/>
            </typ:Source>
         </ota:POS>
         <ota:FlightSegment ArrivalDateTime="?" DepartureDateTime="?" FlightNumber="?" JourneyDuration="?" OnTimeRate="?" ResBookDesigCode="?" ResBookDesigID="?" StopQuantity="?" Ticket="?" RPH="?" Status="?">
            <typ:DepartureAirport LocationCode="?"/>
            <typ:ArrivalAirport LocationCode="?"/>
            <typ:Equipment AirEquipType="?" ChangeofGauge="?"/>
            <typ:MarkettingAirline CompanyShortName="?"/>
            <!--Zero or more repetitions:-->
            <typ:MarketingCabin RPH="?" CabinType="?">
               <typ:Meal>?</typ:Meal>
            </typ:MarketingCabin>
            <!--Zero or more repetitions:-->
            <typ:BookingClassAvail RPH="?" CabinType="?" ResBookDesigCode="?" ResBookDesigQuantity="?"/>
            <typ:comment>?</typ:comment>
            <!--Optional:-->
            <typ:MarriageGrp>?</typ:MarriageGrp>
         </ota:FlightSegment>
      </otab:OTA_CateringAvailRQ>
   </soapenv:Body>
</soapenv:Envelope>]]></con:request><con:wsaConfig mustUnderstand="NONE" version="200508" action="/CateringAvailability"/></con:call></con:operation><con:operation isOneWay="false" action="/FareDisplay" name="FareDisplay" bindingOperationName="FareDisplay" type="Request-Response" inputName="" receivesAttachments="false" sendsAttachments="false" anonymous="optional"><con:settings/><con:call name="Request 1"><con:settings/><con:encoding>UTF-8</con:encoding><con:endpoint>http://sxs-stage.crane.aero:80/axis2/services/CraneOTAServiceExtended</con:endpoint><con:request><![CDATA[<soapenv:Envelope xmlns:soapenv="http://schemas.xmlsoap.org/soap/envelope/" xmlns:otab="http://otabase.otapax.otaxmlws/" xmlns:ota="http://ota.paxws.otaxmlws/" xmlns:typ="http://types.paxws.otaxmlws/">
   <soapenv:Header/>
   <soapenv:Body>
      <otab:OTA_AirFareDisplayRQ PrimaryLangID="?" SequenceNmbr="?" TimeStamp="?">
         <ota:POS>
            <typ:Source agentSine="?" isoCountry="?" isoCurrency="?">
               <typ:RequestorID id="?" type="?" url="?"/>
               <typ:BookingChannel Primary="?" Type="?"/>
            </typ:Source>
         </ota:POS>
         <ota:OriginDestinationInformation>
            <typ:DepartureDateTime>?</typ:DepartureDateTime>
            <typ:OriginLocation LocationCode="?"/>
            <typ:DestinationLocation LocationCode="?"/>
         </ota:OriginDestinationInformation>
         <ota:SpecificFlightInfo>
            <typ:FlightNumber>?</typ:FlightNumber>
            <typ:BookingClassPref ResBookDesigCode="?"/>
         </ota:SpecificFlightInfo>
      </otab:OTA_AirFareDisplayRQ>
   </soapenv:Body>
</soapenv:Envelope>]]></con:request><con:wsaConfig mustUnderstand="NONE" version="200508" action="/FareDisplay"/></con:call></con:operation><con:operation isOneWay="false" action="/FlightSearch" name="FlightSearch" bindingOperationName="FlightSearch" type="Request-Response" inputName="" receivesAttachments="false" sendsAttachments="false" anonymous="optional"><con:settings/><con:call name="Request 1"><con:settings/><con:encoding>UTF-8</con:encoding><con:endpoint>http://sxs-stage.crane.aero:80/axis2/services/CraneOTAServiceExtended</con:endpoint><con:request><![CDATA[<soapenv:Envelope xmlns:soapenv="http://schemas.xmlsoap.org/soap/envelope/" xmlns:otab="http://otabase.otapax.otaxmlws/" xmlns:ota="http://ota.paxws.otaxmlws/" xmlns:typ="http://types.paxws.otaxmlws/">
   <soapenv:Header/>
   <soapenv:Body>
      <otab:OTA_AirFlightSearchRQ DirectFlightsOnly="?" PrimaryLangID="?" SequenceNmbr="?">
         <ota:POS>
            <typ:Source agentSine="?" isoCountry="?" isoCurrency="?">
               <typ:RequestorID id="?" type="?" url="?"/>
               <typ:BookingChannel Primary="?" Type="?"/>
            </typ:Source>
         </ota:POS>
         <ota:OriginDestinationInformation>
            <typ:DepartureDateTime>?</typ:DepartureDateTime>
            <typ:OriginLocation LocationCode="?"/>
            <typ:DestinationLocation LocationCode="?"/>
         </ota:OriginDestinationInformation>
         <ota:TravelPreferences MaxStopsQuantity="?">
            <typ:FlightTypePref FlightType="?" PreferLevel="?"/>
            <typ:EquipPref AirEquipType="?"/>
            <typ:CabinPref Cabin="?" PreferLevel="?"/>
            <typ:TicketDistribPref DistribType="?" PreferLevel="?"/>
            <typ:BookingClassPref ResBookDesigCode="?"/>
         </ota:TravelPreferences>
         <ota:TravelerInfoSummary>
            <typ:AirTravelerAvail>
               <!--Zero or more repetitions:-->
               <typ:PassengerTypeQuantity Code="?" Quantity="?"/>
               <typ:temp>?</typ:temp>
            </typ:AirTravelerAvail>
         </ota:TravelerInfoSummary>
      </otab:OTA_AirFlightSearchRQ>
   </soapenv:Body>
</soapenv:Envelope>]]></con:request><con:wsaConfig mustUnderstand="NONE" version="200508" action="/FlightSearch"/></con:call></con:operation><con:operation isOneWay="false" action="/Ping" name="Ping" bindingOperationName="Ping" type="Request-Response" inputName="" receivesAttachments="false" sendsAttachments="false" anonymous="optional"><con:settings/><con:call name="Request 1"><con:settings/><con:encoding>UTF-8</con:encoding><con:endpoint>http://sxs-stage.crane.aero:80/axis2/services/CraneOTAServiceExtended</con:endpoint><con:request><![CDATA[<soapenv:Envelope xmlns:soapenv="http://schemas.xmlsoap.org/soap/envelope/" xmlns:otab="http://otabase.otapax.otaxmlws/" xmlns:ota="http://ota.paxws.otaxmlws/">
   <soapenv:Header/>
   <soapenv:Body>
      <otab:OTA_PingRQ SequenceNmbr="?" TimeStamp="?">
         <ota:EchoData>?</ota:EchoData>
      </otab:OTA_PingRQ>
   </soapenv:Body>
</soapenv:Envelope>]]></con:request><con:wsaConfig mustUnderstand="NONE" version="200508" action="/Ping"/></con:call></con:operation><con:operation isOneWay="false" action="/ReadReservation" name="ReadReservation" bindingOperationName="ReadReservation" type="Request-Response" inputName="" receivesAttachments="false" sendsAttachments="false" anonymous="optional"><con:settings/><con:call name="Request 1"><con:settings/><con:encoding>UTF-8</con:encoding><con:endpoint>http://sxs-stage.crane.aero:80/axis2/services/CraneOTAServiceExtended</con:endpoint><con:request><![CDATA[<soapenv:Envelope xmlns:soapenv="http://schemas.xmlsoap.org/soap/envelope/" xmlns:otab="http://otabase.otapax.otaxmlws/" xmlns:ota="http://ota.paxws.otaxmlws/" xmlns:typ="http://types.paxws.otaxmlws/">
   <soapenv:Header/>
   <soapenv:Body>
      <otab:OTA_ReadRQ SequenceNmbr="?" TimeStamp="?">
         <ota:POS>
            <typ:Source agentSine="?" isoCountry="?" isoCurrency="?">
               <typ:RequestorID id="?" type="?" url="?"/>
               <typ:BookingChannel Primary="?" Type="?"/>
            </typ:Source>
         </ota:POS>
         <ota:ReadRequests>
            <!--Zero or more repetitions:-->
            <typ:ReadRequest>
               <!--Zero or more repetitions:-->
               <typ:UniqueID ID="?">
                  <typ:CompanyName Code="?"/>
               </typ:UniqueID>
               <typ:dummy>?</typ:dummy>
            </typ:ReadRequest>
            <typ:dummy>?</typ:dummy>
         </ota:ReadRequests>
      </otab:OTA_ReadRQ>
   </soapenv:Body>
</soapenv:Envelope>]]></con:request><con:wsaConfig mustUnderstand="NONE" version="200508" action="/ReadReservation"/></con:call></con:operation><con:operation isOneWay="false" action="/RetrieveSeatMap" name="RetrieveSeatMap" bindingOperationName="RetrieveSeatMap" type="Request-Response" inputName="" receivesAttachments="false" sendsAttachments="false" anonymous="optional"><con:settings/><con:call name="Request 1"><con:settings/><con:encoding>UTF-8</con:encoding><con:endpoint>http://sxs-stage.crane.aero:80/axis2/services/CraneOTAServiceExtended</con:endpoint><con:request><![CDATA[<soapenv:Envelope xmlns:soapenv="http://schemas.xmlsoap.org/soap/envelope/" xmlns:otab="http://otabase.otapax.otaxmlws/" xmlns:ota="http://ota.paxws.otaxmlws/" xmlns:typ="http://types.paxws.otaxmlws/">
   <soapenv:Header/>
   <soapenv:Body>
      <otab:OTA_Retrieve_SeatMapRQ>
         <ota:POS>
            <typ:Source agentSine="?" isoCountry="?" isoCurrency="?">
               <typ:RequestorID id="?" type="?" url="?"/>
               <typ:BookingChannel Primary="?" Type="?"/>
            </typ:Source>
         </ota:POS>
         <ota:BookingReferenceID ID="?">
            <typ:CompanyName Code="?"/>
         </ota:BookingReferenceID>
         <ota:FlightSegment ArrivalDateTime="?" DepartureDateTime="?" FlightNumber="?" JourneyDuration="?" OnTimeRate="?" ResBookDesigCode="?" ResBookDesigID="?" StopQuantity="?" Ticket="?" RPH="?" Status="?">
            <typ:DepartureAirport LocationCode="?"/>
            <typ:ArrivalAirport LocationCode="?"/>
            <typ:Equipment AirEquipType="?" ChangeofGauge="?"/>
            <typ:MarkettingAirline CompanyShortName="?"/>
            <!--Zero or more repetitions:-->
            <typ:MarketingCabin RPH="?" CabinType="?">
               <typ:Meal>?</typ:Meal>
            </typ:MarketingCabin>
            <!--Zero or more repetitions:-->
            <typ:BookingClassAvail RPH="?" CabinType="?" ResBookDesigCode="?" ResBookDesigQuantity="?"/>
            <typ:comment>?</typ:comment>
            <!--Optional:-->
            <typ:MarriageGrp>?</typ:MarriageGrp>
         </ota:FlightSegment>
      </otab:OTA_Retrieve_SeatMapRQ>
   </soapenv:Body>
</soapenv:Envelope>]]></con:request><con:wsaConfig mustUnderstand="NONE" version="200508" action="/RetrieveSeatMap"/></con:call></con:operation><con:operation isOneWay="false" action="/TicketReservation" name="TicketReservation" bindingOperationName="TicketReservation" type="Request-Response" inputName="" receivesAttachments="false" sendsAttachments="false" anonymous="optional"><con:settings/><con:call name="Request 1"><con:settings/><con:encoding>UTF-8</con:encoding><con:endpoint>http://sxs-stage.crane.aero:80/axis2/services/CraneOTAServiceExtended</con:endpoint><con:request><![CDATA[<soapenv:Envelope xmlns:soapenv="http://schemas.xmlsoap.org/soap/envelope/" xmlns:otab="http://otabase.otapax.otaxmlws/" xmlns:ota="http://ota.paxws.otaxmlws/" xmlns:typ="http://types.paxws.otaxmlws/">
   <soapenv:Header/>
   <soapenv:Body>
      <otab:OTA_TicketReservationRQ SequenceNmbr="?" TimeStamp="?">
         <ota:POS>
            <typ:Source agentSine="?" isoCountry="?" isoCurrency="?">
               <typ:RequestorID id="?" type="?" url="?"/>
               <typ:BookingChannel Primary="?" Type="?"/>
            </typ:Source>
         </ota:POS>
         <ota:BookingReferenceID ID="?">
            <typ:CompanyName Code="?"/>
         </ota:BookingReferenceID>
         <ota:SpecialServiceRequests>
            <!--Zero or more repetitions:-->
            <typ:SpecialServiceRequest SSRCode="?" FlightRefNumberRPHList="?" TravelerRefNumberRPHList="?">
               <typ:Airline>?</typ:Airline>
               <typ:text>?</typ:text>
            </typ:SpecialServiceRequest>
            <typ:dummy>?</typ:dummy>
         </ota:SpecialServiceRequests>
      </otab:OTA_TicketReservationRQ>
   </soapenv:Body>
</soapenv:Envelope>]]></con:request><con:wsaConfig mustUnderstand="NONE" version="200508" action="/TicketReservation"/></con:call></con:operation><con:operation isOneWay="false" action="/WBagAvailability" name="WBagAvailability" bindingOperationName="WBagAvailability" type="Request-Response" inputName="" receivesAttachments="false" sendsAttachments="false" anonymous="optional"><con:settings/><con:call name="Request 1"><con:settings/><con:encoding>UTF-8</con:encoding><con:endpoint>http://sxs-stage.crane.aero:80/axis2/services/CraneOTAServiceExtended</con:endpoint><con:request><![CDATA[<soapenv:Envelope xmlns:soapenv="http://schemas.xmlsoap.org/soap/envelope/" xmlns:otab="http://otabase.otapax.otaxmlws/" xmlns:ota="http://ota.paxws.otaxmlws/" xmlns:typ="http://types.paxws.otaxmlws/">
   <soapenv:Header/>
   <soapenv:Body>
      <otab:OTA_WBagAvailRQ>
         <ota:POS>
            <typ:Source agentSine="?" isoCountry="?" isoCurrency="?">
               <typ:RequestorID id="?" type="?" url="?"/>
               <typ:BookingChannel Primary="?" Type="?"/>
            </typ:Source>
         </ota:POS>
         <ota:BookingReferenceID ID="?">
            <typ:CompanyName Code="?"/>
         </ota:BookingReferenceID>
         <ota:FlightSegment ArrivalDateTime="?" DepartureDateTime="?" FlightNumber="?" JourneyDuration="?" OnTimeRate="?" ResBookDesigCode="?" ResBookDesigID="?" StopQuantity="?" Ticket="?" RPH="?" Status="?">
            <typ:DepartureAirport LocationCode="?"/>
            <typ:ArrivalAirport LocationCode="?"/>
            <typ:Equipment AirEquipType="?" ChangeofGauge="?"/>
            <typ:MarkettingAirline CompanyShortName="?"/>
            <!--Zero or more repetitions:-->
            <typ:MarketingCabin RPH="?" CabinType="?">
               <typ:Meal>?</typ:Meal>
            </typ:MarketingCabin>
            <!--Zero or more repetitions:-->
            <typ:BookingClassAvail RPH="?" CabinType="?" ResBookDesigCode="?" ResBookDesigQuantity="?"/>
            <typ:comment>?</typ:comment>
            <!--Optional:-->
            <typ:MarriageGrp>?</typ:MarriageGrp>
         </ota:FlightSegment>
      </otab:OTA_WBagAvailRQ>
   </soapenv:Body>
</soapenv:Envelope>]]></con:request><con:wsaConfig mustUnderstand="NONE" version="200508" action="/WBagAvailability"/></con:call></con:operation></con:interface><con:properties/><con:wssContainer/><con:sensitiveInformation/></con:soapui-project>